---------------------------------------------------------------
[ 2020-01-07T19:24:39+08:00 ] 0.0.0.0 GET /home.html
[ info ] localhost/home.html [运行时间：0.381966s][吞吐率：2.62req/s] [内存消耗：3,470.05kb] [文件加载：70]
[ info ] [ LANG ] D:\BaiduYunDownload\weike2\thinkphp\lang\zh-cn.php
[ info ] [ ROUTE ] array (
  'type' => 'module',
  'module' => 
  array (
    0 => 'home',
    1 => NULL,
    2 => NULL,
  ),
)
[ info ] [ HEADER ] array (
  'host' => 'localhost',
  'connection' => 'keep-alive',
  'cache-control' => 'max-age=0',
  'upgrade-insecure-requests' => '1',
  'user-agent' => 'Mozilla/5.0 (Linux; Android 5.0; SM-G900P Build/LRX21T) AppleWebKit/537.36 (KHTML, like Gecko) Chrome/79.0.3945.88 Mobile Safari/537.36',
  'sec-fetch-user' => '?1',
  'accept' => 'text/html,application/xhtml+xml,application/xml;q=0.9,image/webp,image/apng,*/*;q=0.8,application/signed-exchange;v=b3;q=0.9',
  'sec-fetch-site' => 'same-origin',
  'sec-fetch-mode' => 'navigate',
  'referer' => 'http://localhost/home/auth/login.html',
  'accept-encoding' => 'gzip, deflate, br',
  'accept-language' => 'zh-CN,zh;q=0.9',
  'cookie' => 'XDEBUG_SESSION=XDEBUG_ECLIPSE; bdshare_firstime=1577962828334; PHPSESSID=tu58b2hcach26cs79s9ovhiubo; administrator=eyJpZCI6MSwidXNlcm5hbWUiOiJhZG1pbiIsInBhc3N3b3JkIjoiY2VmMThiYWQ5ZDEwYmQ5ZWIxZDE1MzBjOGI1YjlkZTQiLCJzYWx0IjoielNlU3M3UTAiLCJnZW5kZXIiOjAsImxldmVsIjowLCJiaXJ0aGRheSI6MCwibmlja25hbWUiOiIiLCJtb2JpbGUiOiIiLCJlbWFpbCI6IiIsImF2YXRhciI6IiIsImlzX2NoZWNrIjoxLCJsYXN0X2xvZ2luX2lwIjoiIiwibGFzdF9sb2dpbl90aW1lIjowLCJ1cGRhdGVfdGltZSI6IjIwMjAtMDEtMDIgMTc6MTQ6MDkiLCJjcmVhdGVfdGltZSI6IjE5NzAtMDEtMDEgMDg6MDA6MDAifQ%3D%3D; member=eyJ1aWQiOjE4MCwidXNlcm5hbWUiOiIxODY1OTY1MjAyOCIsImdlbmRlciI6MCwicGFyZW50X3VpZCI6MCwiZXhwZXJpZW5jZV92YWx1ZSI6IjAuMDAiLCJsZXZlbCI6MSwiaW52aXRhdGlvbl9jb2RlIjpudWxsLCJvYXRoX3R5cGUiOjAsIm9wZW5pZCI6bnVsbCwiY3JlZGl0MSI6Ijk4NC4wMCIsImNyZWRpdDIiOiIwLjgwIiwicGFzc3dvcmQiOiI3ZWNiYWEzZjVmYjczZDNmMmQ3ZGVlYmZkNzdlYzlkYyIsInNhbHQiOiJGMkg5MXgwSCIsImF2YXRhciI6bnVsbCwiZW1haWwiOiIiLCJpc19iaW5kX2VtYWlsIjowLCJhbGlwYXlfYWNjb3VudCI6bnVsbCwiYWxpcGF5X3JlYWxuYW1lIjpudWxsLCJpc19iaW5kX2FsaXBheSI6MCwibW9iaWxlIjpudWxsLCJpc19iaW5kX21vYmlsZSI6MCwiY2hhbm5lbF9pZCI6MCwiY2hhbm5lbF9uYW1lIjpudWxsLCJjaGFubmVsX2Rlc2MiOm51bGwsImlzX2JpbmRfY2hhbm5lbCI6MCwiaXNfY2hlY2siOjEsImlzX2RlbCI6MCwiaW52aXRlX3RvdGFsIjoxLCJpbnZpdGVfcmViYXRlIjoiMC4wMCIsInNpZ24iOiIiLCJzaWduX2NvbnRpbnVlIjoyLCJ1cGRhdGVfdGltZSI6IjIwMjAtMDEtMDcgMTc6MjY6MzgiLCJjcmVhdGVfdGltZSI6IjIwMjAtMDEtMDIgMTY6MTk6NDcifQ%3D%3D',
)
[ info ] [ PARAM ] array (
  '/home_html' => '',
)
[ info ] [ DB ] INIT mysql
[ info ] [ RUN ] app\home\controller\Index->index[ D:\BaiduYunDownload\weike2\app\home\controller\Index.php ]
[ info ] [ VIEW ] ./views/home/mobile/index\index.phtml [ array (
  0 => 'controller',
  1 => 'action',
  2 => 'site',
  3 => 'member',
  4 => 'categories',
  5 => 'banners',
  6 => 'notices',
  7 => 'withdraws',
  8 => 'today_credit1',
  9 => 'today_credit2',
  10 => 'tasks',
  11 => 'pageCount',
) ]
[ info ] [ LOG ] INIT File
[ sql ] [ DB ] CONNECT:[ UseTime:0.001570s ] mysql:host=localhost;dbname=web32;charset=utf8
[ sql ] [ SQL ] SHOW COLUMNS FROM `tb_config` [ RunTime:0.021468s ]
[ sql ] [ SQL ] SELECT * FROM `tb_config` ORDER BY `create_time`  desc LIMIT 1 [ RunTime:0.000750s ]
[ sql ] [ SQL ] SHOW COLUMNS FROM `tb_member` [ RunTime:0.015039s ]
[ sql ] [ SQL ] SELECT * FROM `tb_member` WHERE  `uid` = 180 LIMIT 1 [ RunTime:0.000840s ]
[ sql ] [ SQL ] SHOW COLUMNS FROM `tb_task_category` [ RunTime:0.015306s ]
[ sql ] [ SQL ] SELECT * FROM `tb_task_category` ORDER BY order_by desc LIMIT 0,100 [ RunTime:0.000748s ]
[ sql ] [ SQL ] SELECT SUM((give_credit2-fee)/ticket_num) AS credit2,SUM(give_credit1/ticket_num) AS credit1 FROM tb_task WHERE is_complete=0 AND is_display=1 AND check_period*3600+create_time<1578396278 AND start_time<1578396278 AND end_time>1578396278 [ RunTime:0.000830s ]
[ sql ] [ SQL ] SHOW COLUMNS FROM `tb_banner` [ RunTime:0.018167s ]
[ sql ] [ SQL ] SELECT * FROM `tb_banner` WHERE  `is_display` = 1 ORDER BY order_by desc LIMIT 10 [ RunTime:0.000852s ]
[ sql ] [ SQL ] SHOW COLUMNS FROM `tb_notice` [ RunTime:0.013812s ]
[ sql ] [ SQL ] SELECT * FROM `tb_notice` WHERE  `is_display` = 1 ORDER BY order_by desc,id desc LIMIT 10 [ RunTime:0.000812s ]
[ sql ] [ SQL ] SHOW COLUMNS FROM `tb_withdraw` [ RunTime:0.013621s ]
[ sql ] [ SQL ] SELECT * FROM `tb_withdraw` WHERE  `status` = 1 ORDER BY id DESC LIMIT 0,10 [ RunTime:0.000795s ]
[ sql ] [ SQL ] SELECT * FROM tb_task WHERE is_complete=0 AND is_display=1 AND check_period_time<1578396278 AND start_time<1578396278 AND end_time>1578396278 ORDER BY top_end_time DESC, end_time ASC, id DESC LIMIT 0,15 [ RunTime:0.000907s ]
[ sql ] [ SQL ] SELECT COUNT(1) AS num FROM tb_task WHERE is_complete=0 AND is_display=1 AND check_period_time<1578396278 AND start_time<1578396278 AND end_time>1578396278 [ RunTime:0.000914s ]
---------------------------------------------------------------
[ 2020-01-07T19:24:40+08:00 ] 0.0.0.0 GET /static/home/mobile/js/maps/swiper.min.js.map
[ info ] localhost/static/home/mobile/js/maps/swiper.min.js.map [运行时间：0.074800s][吞吐率：13.37req/s] [内存消耗：1,557.69kb] [文件加载：41]
[ info ] [ LANG ] D:\BaiduYunDownload\weike2\thinkphp\lang\zh-cn.php
[ info ] [ ROUTE ] array (
  'type' => 'module',
  'module' => 
  array (
    0 => 'static',
    1 => 'home',
    2 => 'mobile',
  ),
)
[ info ] [ HEADER ] array (
  'host' => 'localhost',
  'connection' => 'keep-alive',
  'user-agent' => 'Mozilla/5.0 (Linux; Android 5.0; SM-G900P Build/LRX21T) AppleWebKit/537.36 (KHTML, like Gecko) Chrome/79.0.3945.88 Mobile Safari/537.36',
  'sec-fetch-site' => 'none',
  'sec-fetch-mode' => 'no-cors',
  'accept-encoding' => 'gzip, deflate, br',
  'accept-language' => 'zh-CN,zh;q=0.9',
  'cookie' => 'XDEBUG_SESSION=XDEBUG_ECLIPSE; bdshare_firstime=1577962828334; PHPSESSID=tu58b2hcach26cs79s9ovhiubo; administrator=eyJpZCI6MSwidXNlcm5hbWUiOiJhZG1pbiIsInBhc3N3b3JkIjoiY2VmMThiYWQ5ZDEwYmQ5ZWIxZDE1MzBjOGI1YjlkZTQiLCJzYWx0IjoielNlU3M3UTAiLCJnZW5kZXIiOjAsImxldmVsIjowLCJiaXJ0aGRheSI6MCwibmlja25hbWUiOiIiLCJtb2JpbGUiOiIiLCJlbWFpbCI6IiIsImF2YXRhciI6IiIsImlzX2NoZWNrIjoxLCJsYXN0X2xvZ2luX2lwIjoiIiwibGFzdF9sb2dpbl90aW1lIjowLCJ1cGRhdGVfdGltZSI6IjIwMjAtMDEtMDIgMTc6MTQ6MDkiLCJjcmVhdGVfdGltZSI6IjE5NzAtMDEtMDEgMDg6MDA6MDAifQ%3D%3D; member=eyJ1aWQiOjE4MCwidXNlcm5hbWUiOiIxODY1OTY1MjAyOCIsImdlbmRlciI6MCwicGFyZW50X3VpZCI6MCwiZXhwZXJpZW5jZV92YWx1ZSI6IjAuMDAiLCJsZXZlbCI6MSwiaW52aXRhdGlvbl9jb2RlIjpudWxsLCJvYXRoX3R5cGUiOjAsIm9wZW5pZCI6bnVsbCwiY3JlZGl0MSI6Ijk4NC4wMCIsImNyZWRpdDIiOiIwLjgwIiwicGFzc3dvcmQiOiI3ZWNiYWEzZjVmYjczZDNmMmQ3ZGVlYmZkNzdlYzlkYyIsInNhbHQiOiJGMkg5MXgwSCIsImF2YXRhciI6bnVsbCwiZW1haWwiOiIiLCJpc19iaW5kX2VtYWlsIjowLCJhbGlwYXlfYWNjb3VudCI6bnVsbCwiYWxpcGF5X3JlYWxuYW1lIjpudWxsLCJpc19iaW5kX2FsaXBheSI6MCwibW9iaWxlIjpudWxsLCJpc19iaW5kX21vYmlsZSI6MCwiY2hhbm5lbF9pZCI6MCwiY2hhbm5lbF9uYW1lIjpudWxsLCJjaGFubmVsX2Rlc2MiOm51bGwsImlzX2JpbmRfY2hhbm5lbCI6MCwiaXNfY2hlY2siOjEsImlzX2RlbCI6MCwiaW52aXRlX3RvdGFsIjoxLCJpbnZpdGVfcmViYXRlIjoiMC4wMCIsInNpZ24iOiIiLCJzaWduX2NvbnRpbnVlIjoyLCJ1cGRhdGVfdGltZSI6IjIwMjAtMDEtMDcgMTc6MjY6MzgiLCJjcmVhdGVfdGltZSI6IjIwMjAtMDEtMDIgMTY6MTk6NDcifQ%3D%3D',
)
[ info ] [ PARAM ] array (
  '/static/home/mobile/js/maps/swiper_min_js_map' => '',
  'js' => 'maps',
)
[ info ] [ LOG ] INIT File
---------------------------------------------------------------
[ 2020-01-07T19:24:40+08:00 ] 0.0.0.0 GET /static/home/mobile/css/bootstrap.css.map
[ info ] localhost/static/home/mobile/css/bootstrap.css.map [运行时间：0.068468s][吞吐率：14.61req/s] [内存消耗：1,557.72kb] [文件加载：41]
[ info ] [ LANG ] D:\BaiduYunDownload\weike2\thinkphp\lang\zh-cn.php
[ info ] [ ROUTE ] array (
  'type' => 'module',
  'module' => 
  array (
    0 => 'static',
    1 => 'home',
    2 => 'mobile',
  ),
)
[ info ] [ HEADER ] array (
  'host' => 'localhost',
  'connection' => 'keep-alive',
  'user-agent' => 'Mozilla/5.0 (Linux; Android 5.0; SM-G900P Build/LRX21T) AppleWebKit/537.36 (KHTML, like Gecko) Chrome/79.0.3945.88 Mobile Safari/537.36',
  'sec-fetch-site' => 'none',
  'sec-fetch-mode' => 'no-cors',
  'accept-encoding' => 'gzip, deflate, br',
  'accept-language' => 'zh-CN,zh;q=0.9',
  'cookie' => 'XDEBUG_SESSION=XDEBUG_ECLIPSE; bdshare_firstime=1577962828334; PHPSESSID=tu58b2hcach26cs79s9ovhiubo; administrator=eyJpZCI6MSwidXNlcm5hbWUiOiJhZG1pbiIsInBhc3N3b3JkIjoiY2VmMThiYWQ5ZDEwYmQ5ZWIxZDE1MzBjOGI1YjlkZTQiLCJzYWx0IjoielNlU3M3UTAiLCJnZW5kZXIiOjAsImxldmVsIjowLCJiaXJ0aGRheSI6MCwibmlja25hbWUiOiIiLCJtb2JpbGUiOiIiLCJlbWFpbCI6IiIsImF2YXRhciI6IiIsImlzX2NoZWNrIjoxLCJsYXN0X2xvZ2luX2lwIjoiIiwibGFzdF9sb2dpbl90aW1lIjowLCJ1cGRhdGVfdGltZSI6IjIwMjAtMDEtMDIgMTc6MTQ6MDkiLCJjcmVhdGVfdGltZSI6IjE5NzAtMDEtMDEgMDg6MDA6MDAifQ%3D%3D; member=eyJ1aWQiOjE4MCwidXNlcm5hbWUiOiIxODY1OTY1MjAyOCIsImdlbmRlciI6MCwicGFyZW50X3VpZCI6MCwiZXhwZXJpZW5jZV92YWx1ZSI6IjAuMDAiLCJsZXZlbCI6MSwiaW52aXRhdGlvbl9jb2RlIjpudWxsLCJvYXRoX3R5cGUiOjAsIm9wZW5pZCI6bnVsbCwiY3JlZGl0MSI6Ijk4NC4wMCIsImNyZWRpdDIiOiIwLjgwIiwicGFzc3dvcmQiOiI3ZWNiYWEzZjVmYjczZDNmMmQ3ZGVlYmZkNzdlYzlkYyIsInNhbHQiOiJGMkg5MXgwSCIsImF2YXRhciI6bnVsbCwiZW1haWwiOiIiLCJpc19iaW5kX2VtYWlsIjowLCJhbGlwYXlfYWNjb3VudCI6bnVsbCwiYWxpcGF5X3JlYWxuYW1lIjpudWxsLCJpc19iaW5kX2FsaXBheSI6MCwibW9iaWxlIjpudWxsLCJpc19iaW5kX21vYmlsZSI6MCwiY2hhbm5lbF9pZCI6MCwiY2hhbm5lbF9uYW1lIjpudWxsLCJjaGFubmVsX2Rlc2MiOm51bGwsImlzX2JpbmRfY2hhbm5lbCI6MCwiaXNfY2hlY2siOjEsImlzX2RlbCI6MCwiaW52aXRlX3RvdGFsIjoxLCJpbnZpdGVfcmViYXRlIjoiMC4wMCIsInNpZ24iOiIiLCJzaWduX2NvbnRpbnVlIjoyLCJ1cGRhdGVfdGltZSI6IjIwMjAtMDEtMDcgMTc6MjY6MzgiLCJjcmVhdGVfdGltZSI6IjIwMjAtMDEtMDIgMTY6MTk6NDcifQ%3D%3D',
)
[ info ] [ PARAM ] array (
  '/static/home/mobile/css/bootstrap_css_map' => '',
  'css' => 'bootstrap.css.map',
)
[ info ] [ LOG ] INIT File
---------------------------------------------------------------
[ 2020-01-07T19:24:47+08:00 ] 0.0.0.0 GET /home/account.html
[ info ] localhost/home/account.html [运行时间：0.351354s][吞吐率：2.85req/s] [内存消耗：3,379.60kb] [文件加载：66]
[ info ] [ LANG ] D:\BaiduYunDownload\weike2\thinkphp\lang\zh-cn.php
[ info ] [ ROUTE ] array (
  'type' => 'module',
  'module' => 
  array (
    0 => 'home',
    1 => 'account',
    2 => NULL,
  ),
)
[ info ] [ HEADER ] array (
  'host' => 'localhost',
  'connection' => 'keep-alive',
  'upgrade-insecure-requests' => '1',
  'user-agent' => 'Mozilla/5.0 (Linux; Android 5.0; SM-G900P Build/LRX21T) AppleWebKit/537.36 (KHTML, like Gecko) Chrome/79.0.3945.88 Mobile Safari/537.36',
  'sec-fetch-user' => '?1',
  'accept' => 'text/html,application/xhtml+xml,application/xml;q=0.9,image/webp,image/apng,*/*;q=0.8,application/signed-exchange;v=b3;q=0.9',
  'sec-fetch-site' => 'same-origin',
  'sec-fetch-mode' => 'navigate',
  'referer' => 'http://localhost/home.html',
  'accept-encoding' => 'gzip, deflate, br',
  'accept-language' => 'zh-CN,zh;q=0.9',
  'cookie' => 'XDEBUG_SESSION=XDEBUG_ECLIPSE; bdshare_firstime=1577962828334; PHPSESSID=tu58b2hcach26cs79s9ovhiubo; administrator=eyJpZCI6MSwidXNlcm5hbWUiOiJhZG1pbiIsInBhc3N3b3JkIjoiY2VmMThiYWQ5ZDEwYmQ5ZWIxZDE1MzBjOGI1YjlkZTQiLCJzYWx0IjoielNlU3M3UTAiLCJnZW5kZXIiOjAsImxldmVsIjowLCJiaXJ0aGRheSI6MCwibmlja25hbWUiOiIiLCJtb2JpbGUiOiIiLCJlbWFpbCI6IiIsImF2YXRhciI6IiIsImlzX2NoZWNrIjoxLCJsYXN0X2xvZ2luX2lwIjoiIiwibGFzdF9sb2dpbl90aW1lIjowLCJ1cGRhdGVfdGltZSI6IjIwMjAtMDEtMDIgMTc6MTQ6MDkiLCJjcmVhdGVfdGltZSI6IjE5NzAtMDEtMDEgMDg6MDA6MDAifQ%3D%3D; member=eyJ1aWQiOjE4MCwidXNlcm5hbWUiOiIxODY1OTY1MjAyOCIsImdlbmRlciI6MCwicGFyZW50X3VpZCI6MCwiZXhwZXJpZW5jZV92YWx1ZSI6IjAuMDAiLCJsZXZlbCI6MSwiaW52aXRhdGlvbl9jb2RlIjpudWxsLCJvYXRoX3R5cGUiOjAsIm9wZW5pZCI6bnVsbCwiY3JlZGl0MSI6Ijk4NC4wMCIsImNyZWRpdDIiOiIwLjgwIiwicGFzc3dvcmQiOiI3ZWNiYWEzZjVmYjczZDNmMmQ3ZGVlYmZkNzdlYzlkYyIsInNhbHQiOiJGMkg5MXgwSCIsImF2YXRhciI6bnVsbCwiZW1haWwiOiIiLCJpc19iaW5kX2VtYWlsIjowLCJhbGlwYXlfYWNjb3VudCI6bnVsbCwiYWxpcGF5X3JlYWxuYW1lIjpudWxsLCJpc19iaW5kX2FsaXBheSI6MCwibW9iaWxlIjpudWxsLCJpc19iaW5kX21vYmlsZSI6MCwiY2hhbm5lbF9pZCI6MCwiY2hhbm5lbF9uYW1lIjpudWxsLCJjaGFubmVsX2Rlc2MiOm51bGwsImlzX2JpbmRfY2hhbm5lbCI6MCwiaXNfY2hlY2siOjEsImlzX2RlbCI6MCwiaW52aXRlX3RvdGFsIjoxLCJpbnZpdGVfcmViYXRlIjoiMC4wMCIsInNpZ24iOiIiLCJzaWduX2NvbnRpbnVlIjoyLCJ1cGRhdGVfdGltZSI6IjIwMjAtMDEtMDcgMTc6MjY6MzgiLCJjcmVhdGVfdGltZSI6IjIwMjAtMDEtMDIgMTY6MTk6NDcifQ%3D%3D',
)
[ info ] [ PARAM ] array (
  '/home/account_html' => '',
)
[ info ] [ DB ] INIT mysql
[ info ] [ RUN ] app\home\controller\Account->index[ D:\BaiduYunDownload\weike2\app\home\controller\Account.php ]
[ info ] [ VIEW ] ./views/home/mobile/account\index.phtml [ array (
  0 => 'controller',
  1 => 'action',
  2 => 'site',
  3 => 'member',
  4 => 'task_num',
  5 => 'join_num',
  6 => 'audit_num',
  7 => 'is_sign',
) ]
[ info ] [ LOG ] INIT File
[ sql ] [ DB ] CONNECT:[ UseTime:0.001575s ] mysql:host=localhost;dbname=web32;charset=utf8
[ sql ] [ SQL ] SHOW COLUMNS FROM `tb_config` [ RunTime:0.028010s ]
[ sql ] [ SQL ] SELECT * FROM `tb_config` ORDER BY `create_time`  desc LIMIT 1 [ RunTime:0.000797s ]
[ sql ] [ SQL ] SHOW COLUMNS FROM `tb_member` [ RunTime:0.015505s ]
[ sql ] [ SQL ] SELECT * FROM `tb_member` WHERE  `uid` = 180 LIMIT 1 [ RunTime:0.000873s ]
[ sql ] [ SQL ] SELECT * FROM `tb_member` WHERE  `uid` = 180 LIMIT 1 [ RunTime:0.000901s ]
[ sql ] [ SQL ] SHOW COLUMNS FROM `tb_sign` [ RunTime:0.019237s ]
[ sql ] [ SQL ] SELECT * FROM `tb_sign` WHERE  `uid` = 180  AND `create_time` BETWEEN 1578326400 AND 1578412799 LIMIT 1 [ RunTime:0.001395s ]
[ sql ] [ SQL ] SHOW COLUMNS FROM `tb_task` [ RunTime:0.015360s ]
[ sql ] [ SQL ] SELECT COUNT(*) AS tp_count FROM `tb_task` WHERE  `uid` = 180 LIMIT 1 [ RunTime:0.000897s ]
[ sql ] [ SQL ] SELECT COUNT(*) AS num FROM tb_task_join task_join INNER JOIN tb_task task ON task_join.task_id=task.id WHERE task_join.uid=180 AND task_join.delflag=1 AND task.is_display=1 [ RunTime:0.008114s ]
[ sql ] [ SQL ] SELECT COUNT(1) AS num FROM tb_task WHERE uid=180 AND is_complete=0  AND join_num>0 [ RunTime:0.000739s ]
---------------------------------------------------------------
[ 2020-01-07T19:24:49+08:00 ] 0.0.0.0 GET /home/mytask.html
[ info ] localhost/home/mytask.html [运行时间：0.300064s][吞吐率：3.33req/s] [内存消耗：3,330.81kb] [文件加载：63]
[ info ] [ LANG ] D:\BaiduYunDownload\weike2\thinkphp\lang\zh-cn.php
[ info ] [ ROUTE ] array (
  'type' => 'module',
  'module' => 
  array (
    0 => 'home',
    1 => 'mytask',
    2 => NULL,
  ),
)
[ info ] [ HEADER ] array (
  'host' => 'localhost',
  'connection' => 'keep-alive',
  'upgrade-insecure-requests' => '1',
  'user-agent' => 'Mozilla/5.0 (Linux; Android 5.0; SM-G900P Build/LRX21T) AppleWebKit/537.36 (KHTML, like Gecko) Chrome/79.0.3945.88 Mobile Safari/537.36',
  'sec-fetch-user' => '?1',
  'accept' => 'text/html,application/xhtml+xml,application/xml;q=0.9,image/webp,image/apng,*/*;q=0.8,application/signed-exchange;v=b3;q=0.9',
  'sec-fetch-site' => 'same-origin',
  'sec-fetch-mode' => 'navigate',
  'referer' => 'http://localhost/home/account.html',
  'accept-encoding' => 'gzip, deflate, br',
  'accept-language' => 'zh-CN,zh;q=0.9',
  'cookie' => 'XDEBUG_SESSION=XDEBUG_ECLIPSE; bdshare_firstime=1577962828334; PHPSESSID=tu58b2hcach26cs79s9ovhiubo; administrator=eyJpZCI6MSwidXNlcm5hbWUiOiJhZG1pbiIsInBhc3N3b3JkIjoiY2VmMThiYWQ5ZDEwYmQ5ZWIxZDE1MzBjOGI1YjlkZTQiLCJzYWx0IjoielNlU3M3UTAiLCJnZW5kZXIiOjAsImxldmVsIjowLCJiaXJ0aGRheSI6MCwibmlja25hbWUiOiIiLCJtb2JpbGUiOiIiLCJlbWFpbCI6IiIsImF2YXRhciI6IiIsImlzX2NoZWNrIjoxLCJsYXN0X2xvZ2luX2lwIjoiIiwibGFzdF9sb2dpbl90aW1lIjowLCJ1cGRhdGVfdGltZSI6IjIwMjAtMDEtMDIgMTc6MTQ6MDkiLCJjcmVhdGVfdGltZSI6IjE5NzAtMDEtMDEgMDg6MDA6MDAifQ%3D%3D; member=eyJ1aWQiOjE4MCwidXNlcm5hbWUiOiIxODY1OTY1MjAyOCIsImdlbmRlciI6MCwicGFyZW50X3VpZCI6MCwiZXhwZXJpZW5jZV92YWx1ZSI6IjAuMDAiLCJsZXZlbCI6MSwiaW52aXRhdGlvbl9jb2RlIjpudWxsLCJvYXRoX3R5cGUiOjAsIm9wZW5pZCI6bnVsbCwiY3JlZGl0MSI6Ijk4NC4wMCIsImNyZWRpdDIiOiIwLjgwIiwicGFzc3dvcmQiOiI3ZWNiYWEzZjVmYjczZDNmMmQ3ZGVlYmZkNzdlYzlkYyIsInNhbHQiOiJGMkg5MXgwSCIsImF2YXRhciI6bnVsbCwiZW1haWwiOiIiLCJpc19iaW5kX2VtYWlsIjowLCJhbGlwYXlfYWNjb3VudCI6bnVsbCwiYWxpcGF5X3JlYWxuYW1lIjpudWxsLCJpc19iaW5kX2FsaXBheSI6MCwibW9iaWxlIjpudWxsLCJpc19iaW5kX21vYmlsZSI6MCwiY2hhbm5lbF9pZCI6MCwiY2hhbm5lbF9uYW1lIjpudWxsLCJjaGFubmVsX2Rlc2MiOm51bGwsImlzX2JpbmRfY2hhbm5lbCI6MCwiaXNfY2hlY2siOjEsImlzX2RlbCI6MCwiaW52aXRlX3RvdGFsIjoxLCJpbnZpdGVfcmViYXRlIjoiMC4wMCIsInNpZ24iOiIiLCJzaWduX2NvbnRpbnVlIjoyLCJ1cGRhdGVfdGltZSI6IjIwMjAtMDEtMDcgMTc6MjY6MzgiLCJjcmVhdGVfdGltZSI6IjIwMjAtMDEtMDIgMTY6MTk6NDcifQ%3D%3D',
)
[ info ] [ PARAM ] array (
  '/home/mytask_html' => '',
)
[ info ] [ DB ] INIT mysql
[ info ] [ RUN ] app\home\controller\Mytask->index[ D:\BaiduYunDownload\weike2\app\home\controller\Mytask.php ]
[ info ] [ VIEW ] ./views/home/mobile/mytask\index.phtml [ array (
  0 => 'controller',
  1 => 'action',
  2 => 'site',
  3 => 'member',
  4 => 'tasks',
  5 => 'setting',
  6 => 'pageCount',
  7 => 'category_type',
) ]
[ info ] [ LOG ] INIT File
[ sql ] [ DB ] CONNECT:[ UseTime:0.001394s ] mysql:host=localhost;dbname=web32;charset=utf8
[ sql ] [ SQL ] SHOW COLUMNS FROM `tb_config` [ RunTime:0.019282s ]
[ sql ] [ SQL ] SELECT * FROM `tb_config` ORDER BY `create_time`  desc LIMIT 1 [ RunTime:0.000720s ]
[ sql ] [ SQL ] SHOW COLUMNS FROM `tb_member` [ RunTime:0.021634s ]
[ sql ] [ SQL ] SELECT * FROM `tb_member` WHERE  `uid` = 180 LIMIT 1 [ RunTime:0.000953s ]
[ sql ] [ SQL ] SELECT * FROM `tb_member` WHERE  `uid` = 180 LIMIT 1 [ RunTime:0.000869s ]
[ sql ] [ SQL ] SELECT * FROM tb_task WHERE uid=180 AND is_complete=0  ORDER BY id DESC LIMIT 0,15 [ RunTime:0.001284s ]
[ sql ] [ SQL ] SELECT COUNT(1) AS num FROM tb_task WHERE uid=180 AND is_complete=0 [ RunTime:0.000735s ]
[ sql ] [ SQL ] SELECT * FROM `tb_config` ORDER BY `create_time`  desc LIMIT 1 [ RunTime:0.000686s ]
---------------------------------------------------------------
[ 2020-01-07T19:24:50+08:00 ] 0.0.0.0 GET /static/home/mobile/css/bootstrap.css.map
[ info ] localhost/static/home/mobile/css/bootstrap.css.map [运行时间：0.089988s][吞吐率：11.11req/s] [内存消耗：1,557.72kb] [文件加载：41]
[ info ] [ LANG ] D:\BaiduYunDownload\weike2\thinkphp\lang\zh-cn.php
[ info ] [ ROUTE ] array (
  'type' => 'module',
  'module' => 
  array (
    0 => 'static',
    1 => 'home',
    2 => 'mobile',
  ),
)
[ info ] [ HEADER ] array (
  'host' => 'localhost',
  'connection' => 'keep-alive',
  'user-agent' => 'Mozilla/5.0 (Linux; Android 5.0; SM-G900P Build/LRX21T) AppleWebKit/537.36 (KHTML, like Gecko) Chrome/79.0.3945.88 Mobile Safari/537.36',
  'sec-fetch-site' => 'none',
  'sec-fetch-mode' => 'no-cors',
  'accept-encoding' => 'gzip, deflate, br',
  'accept-language' => 'zh-CN,zh;q=0.9',
  'cookie' => 'XDEBUG_SESSION=XDEBUG_ECLIPSE; bdshare_firstime=1577962828334; PHPSESSID=tu58b2hcach26cs79s9ovhiubo; administrator=eyJpZCI6MSwidXNlcm5hbWUiOiJhZG1pbiIsInBhc3N3b3JkIjoiY2VmMThiYWQ5ZDEwYmQ5ZWIxZDE1MzBjOGI1YjlkZTQiLCJzYWx0IjoielNlU3M3UTAiLCJnZW5kZXIiOjAsImxldmVsIjowLCJiaXJ0aGRheSI6MCwibmlja25hbWUiOiIiLCJtb2JpbGUiOiIiLCJlbWFpbCI6IiIsImF2YXRhciI6IiIsImlzX2NoZWNrIjoxLCJsYXN0X2xvZ2luX2lwIjoiIiwibGFzdF9sb2dpbl90aW1lIjowLCJ1cGRhdGVfdGltZSI6IjIwMjAtMDEtMDIgMTc6MTQ6MDkiLCJjcmVhdGVfdGltZSI6IjE5NzAtMDEtMDEgMDg6MDA6MDAifQ%3D%3D; member=eyJ1aWQiOjE4MCwidXNlcm5hbWUiOiIxODY1OTY1MjAyOCIsImdlbmRlciI6MCwicGFyZW50X3VpZCI6MCwiZXhwZXJpZW5jZV92YWx1ZSI6IjAuMDAiLCJsZXZlbCI6MSwiaW52aXRhdGlvbl9jb2RlIjpudWxsLCJvYXRoX3R5cGUiOjAsIm9wZW5pZCI6bnVsbCwiY3JlZGl0MSI6Ijk4NC4wMCIsImNyZWRpdDIiOiIwLjgwIiwicGFzc3dvcmQiOiI3ZWNiYWEzZjVmYjczZDNmMmQ3ZGVlYmZkNzdlYzlkYyIsInNhbHQiOiJGMkg5MXgwSCIsImF2YXRhciI6bnVsbCwiZW1haWwiOiIiLCJpc19iaW5kX2VtYWlsIjowLCJhbGlwYXlfYWNjb3VudCI6bnVsbCwiYWxpcGF5X3JlYWxuYW1lIjpudWxsLCJpc19iaW5kX2FsaXBheSI6MCwibW9iaWxlIjpudWxsLCJpc19iaW5kX21vYmlsZSI6MCwiY2hhbm5lbF9pZCI6MCwiY2hhbm5lbF9uYW1lIjpudWxsLCJjaGFubmVsX2Rlc2MiOm51bGwsImlzX2JpbmRfY2hhbm5lbCI6MCwiaXNfY2hlY2siOjEsImlzX2RlbCI6MCwiaW52aXRlX3RvdGFsIjoxLCJpbnZpdGVfcmViYXRlIjoiMC4wMCIsInNpZ24iOiIiLCJzaWduX2NvbnRpbnVlIjoyLCJ1cGRhdGVfdGltZSI6IjIwMjAtMDEtMDcgMTc6MjY6MzgiLCJjcmVhdGVfdGltZSI6IjIwMjAtMDEtMDIgMTY6MTk6NDcifQ%3D%3D',
)
[ info ] [ PARAM ] array (
  '/static/home/mobile/css/bootstrap_css_map' => '',
  'css' => 'bootstrap.css.map',
)
[ info ] [ LOG ] INIT File
---------------------------------------------------------------
[ 2020-01-07T19:24:54+08:00 ] 0.0.0.0 GET /home/task/detail/id/45.html
[ info ] localhost/home/task/detail/id/45.html [运行时间：0.333027s][吞吐率：3.00req/s] [内存消耗：3,428.51kb] [文件加载：64]
[ info ] [ LANG ] D:\BaiduYunDownload\weike2\thinkphp\lang\zh-cn.php
[ info ] [ ROUTE ] array (
  'type' => 'module',
  'module' => 
  array (
    0 => 'home',
    1 => 'task',
    2 => 'detail',
  ),
)
[ info ] [ HEADER ] array (
  'host' => 'localhost',
  'connection' => 'keep-alive',
  'upgrade-insecure-requests' => '1',
  'user-agent' => 'Mozilla/5.0 (Linux; Android 5.0; SM-G900P Build/LRX21T) AppleWebKit/537.36 (KHTML, like Gecko) Chrome/79.0.3945.88 Mobile Safari/537.36',
  'sec-fetch-user' => '?1',
  'accept' => 'text/html,application/xhtml+xml,application/xml;q=0.9,image/webp,image/apng,*/*;q=0.8,application/signed-exchange;v=b3;q=0.9',
  'sec-fetch-site' => 'same-origin',
  'sec-fetch-mode' => 'navigate',
  'referer' => 'http://localhost/home/mytask.html',
  'accept-encoding' => 'gzip, deflate, br',
  'accept-language' => 'zh-CN,zh;q=0.9',
  'cookie' => 'XDEBUG_SESSION=XDEBUG_ECLIPSE; bdshare_firstime=1577962828334; PHPSESSID=tu58b2hcach26cs79s9ovhiubo; administrator=eyJpZCI6MSwidXNlcm5hbWUiOiJhZG1pbiIsInBhc3N3b3JkIjoiY2VmMThiYWQ5ZDEwYmQ5ZWIxZDE1MzBjOGI1YjlkZTQiLCJzYWx0IjoielNlU3M3UTAiLCJnZW5kZXIiOjAsImxldmVsIjowLCJiaXJ0aGRheSI6MCwibmlja25hbWUiOiIiLCJtb2JpbGUiOiIiLCJlbWFpbCI6IiIsImF2YXRhciI6IiIsImlzX2NoZWNrIjoxLCJsYXN0X2xvZ2luX2lwIjoiIiwibGFzdF9sb2dpbl90aW1lIjowLCJ1cGRhdGVfdGltZSI6IjIwMjAtMDEtMDIgMTc6MTQ6MDkiLCJjcmVhdGVfdGltZSI6IjE5NzAtMDEtMDEgMDg6MDA6MDAifQ%3D%3D; member=eyJ1aWQiOjE4MCwidXNlcm5hbWUiOiIxODY1OTY1MjAyOCIsImdlbmRlciI6MCwicGFyZW50X3VpZCI6MCwiZXhwZXJpZW5jZV92YWx1ZSI6IjAuMDAiLCJsZXZlbCI6MSwiaW52aXRhdGlvbl9jb2RlIjpudWxsLCJvYXRoX3R5cGUiOjAsIm9wZW5pZCI6bnVsbCwiY3JlZGl0MSI6Ijk4NC4wMCIsImNyZWRpdDIiOiIwLjgwIiwicGFzc3dvcmQiOiI3ZWNiYWEzZjVmYjczZDNmMmQ3ZGVlYmZkNzdlYzlkYyIsInNhbHQiOiJGMkg5MXgwSCIsImF2YXRhciI6bnVsbCwiZW1haWwiOiIiLCJpc19iaW5kX2VtYWlsIjowLCJhbGlwYXlfYWNjb3VudCI6bnVsbCwiYWxpcGF5X3JlYWxuYW1lIjpudWxsLCJpc19iaW5kX2FsaXBheSI6MCwibW9iaWxlIjpudWxsLCJpc19iaW5kX21vYmlsZSI6MCwiY2hhbm5lbF9pZCI6MCwiY2hhbm5lbF9uYW1lIjpudWxsLCJjaGFubmVsX2Rlc2MiOm51bGwsImlzX2JpbmRfY2hhbm5lbCI6MCwiaXNfY2hlY2siOjEsImlzX2RlbCI6MCwiaW52aXRlX3RvdGFsIjoxLCJpbnZpdGVfcmViYXRlIjoiMC4wMCIsInNpZ24iOiIiLCJzaWduX2NvbnRpbnVlIjoyLCJ1cGRhdGVfdGltZSI6IjIwMjAtMDEtMDcgMTc6MjY6MzgiLCJjcmVhdGVfdGltZSI6IjIwMjAtMDEtMDIgMTY6MTk6NDcifQ%3D%3D',
)
[ info ] [ PARAM ] array (
  '/home/task/detail/id/45_html' => '',
  'id' => '45',
)
[ info ] [ DB ] INIT mysql
[ info ] [ RUN ] app\home\controller\Task->detail[ D:\BaiduYunDownload\weike2\app\home\controller\Task.php ]
[ info ] [ VIEW ] ./views/home/mobile/task\detail.phtml [ array (
  0 => 'controller',
  1 => 'action',
  2 => 'site',
  3 => 'member',
  4 => 'item',
  5 => 'is_can_op',
  6 => 'operate_steps',
  7 => 'member_task_join_info',
  8 => 'allow_accept',
) ]
[ info ] [ LOG ] INIT File
[ sql ] [ DB ] CONNECT:[ UseTime:0.001486s ] mysql:host=localhost;dbname=web32;charset=utf8
[ sql ] [ SQL ] SHOW COLUMNS FROM `tb_config` [ RunTime:0.024117s ]
[ sql ] [ SQL ] SELECT * FROM `tb_config` ORDER BY `create_time`  desc LIMIT 1 [ RunTime:0.000708s ]
[ sql ] [ SQL ] SHOW COLUMNS FROM `tb_member` [ RunTime:0.016281s ]
[ sql ] [ SQL ] SELECT * FROM `tb_member` WHERE  `uid` = 180 LIMIT 1 [ RunTime:0.000929s ]
[ sql ] [ SQL ] SELECT a.*,b.username,b.avatar,b.level FROM tb_task a LEFT JOIN tb_member b ON a.uid=b.uid WHERE a.id=45 [ RunTime:0.001227s ]
[ sql ] [ SQL ] SHOW COLUMNS FROM `tb_task_join` [ RunTime:0.015829s ]
[ sql ] [ SQL ] SELECT COUNT(*) AS tp_count FROM `tb_task_join` WHERE  `task_id` = 45  AND `status` = 2  AND `delflag` = 1 LIMIT 1 [ RunTime:0.001443s ]
[ sql ] [ SQL ] SELECT * FROM tb_task_operate_steps WHERE task_id=45 ORDER BY sort [ RunTime:0.007631s ]
[ sql ] [ SQL ] SELECT * FROM `tb_task_join` WHERE  `task_id` = 45  AND `uid` = 180  AND `delflag` = 1 LIMIT 1 [ RunTime:0.001986s ]
---------------------------------------------------------------
[ 2020-01-07T19:24:54+08:00 ] 0.0.0.0 GET /uploads/20200107/18ee4a1e2ea9e246fe17c94ba063cc31.png
[ info ] localhost/uploads/20200107/18ee4a1e2ea9e246fe17c94ba063cc31.png [运行时间：0.116743s][吞吐率：8.57req/s] [内存消耗：1,558.48kb] [文件加载：41]
[ info ] [ LANG ] D:\BaiduYunDownload\weike2\thinkphp\lang\zh-cn.php
[ info ] [ ROUTE ] array (
  'type' => 'module',
  'module' => 
  array (
    0 => 'uploads',
    1 => '20200107',
    2 => '18ee4a1e2ea9e246fe17c94ba063cc31.png',
  ),
)
[ info ] [ HEADER ] array (
  'host' => 'localhost',
  'connection' => 'keep-alive',
  'user-agent' => 'Mozilla/5.0 (Linux; Android 5.0; SM-G900P Build/LRX21T) AppleWebKit/537.36 (KHTML, like Gecko) Chrome/79.0.3945.88 Mobile Safari/537.36',
  'accept' => 'image/webp,image/apng,image/*,*/*;q=0.8',
  'sec-fetch-site' => 'same-origin',
  'sec-fetch-mode' => 'no-cors',
  'referer' => 'http://localhost/home/task/detail/id/45.html',
  'accept-encoding' => 'gzip, deflate, br',
  'accept-language' => 'zh-CN,zh;q=0.9',
  'cookie' => 'XDEBUG_SESSION=XDEBUG_ECLIPSE; bdshare_firstime=1577962828334; PHPSESSID=tu58b2hcach26cs79s9ovhiubo; administrator=eyJpZCI6MSwidXNlcm5hbWUiOiJhZG1pbiIsInBhc3N3b3JkIjoiY2VmMThiYWQ5ZDEwYmQ5ZWIxZDE1MzBjOGI1YjlkZTQiLCJzYWx0IjoielNlU3M3UTAiLCJnZW5kZXIiOjAsImxldmVsIjowLCJiaXJ0aGRheSI6MCwibmlja25hbWUiOiIiLCJtb2JpbGUiOiIiLCJlbWFpbCI6IiIsImF2YXRhciI6IiIsImlzX2NoZWNrIjoxLCJsYXN0X2xvZ2luX2lwIjoiIiwibGFzdF9sb2dpbl90aW1lIjowLCJ1cGRhdGVfdGltZSI6IjIwMjAtMDEtMDIgMTc6MTQ6MDkiLCJjcmVhdGVfdGltZSI6IjE5NzAtMDEtMDEgMDg6MDA6MDAifQ%3D%3D; member=eyJ1aWQiOjE4MCwidXNlcm5hbWUiOiIxODY1OTY1MjAyOCIsImdlbmRlciI6MCwicGFyZW50X3VpZCI6MCwiZXhwZXJpZW5jZV92YWx1ZSI6IjAuMDAiLCJsZXZlbCI6MSwiaW52aXRhdGlvbl9jb2RlIjpudWxsLCJvYXRoX3R5cGUiOjAsIm9wZW5pZCI6bnVsbCwiY3JlZGl0MSI6Ijk4NC4wMCIsImNyZWRpdDIiOiIwLjgwIiwicGFzc3dvcmQiOiI3ZWNiYWEzZjVmYjczZDNmMmQ3ZGVlYmZkNzdlYzlkYyIsInNhbHQiOiJGMkg5MXgwSCIsImF2YXRhciI6bnVsbCwiZW1haWwiOiIiLCJpc19iaW5kX2VtYWlsIjowLCJhbGlwYXlfYWNjb3VudCI6bnVsbCwiYWxpcGF5X3JlYWxuYW1lIjpudWxsLCJpc19iaW5kX2FsaXBheSI6MCwibW9iaWxlIjpudWxsLCJpc19iaW5kX21vYmlsZSI6MCwiY2hhbm5lbF9pZCI6MCwiY2hhbm5lbF9uYW1lIjpudWxsLCJjaGFubmVsX2Rlc2MiOm51bGwsImlzX2JpbmRfY2hhbm5lbCI6MCwiaXNfY2hlY2siOjEsImlzX2RlbCI6MCwiaW52aXRlX3RvdGFsIjoxLCJpbnZpdGVfcmViYXRlIjoiMC4wMCIsInNpZ24iOiIiLCJzaWduX2NvbnRpbnVlIjoyLCJ1cGRhdGVfdGltZSI6IjIwMjAtMDEtMDcgMTc6MjY6MzgiLCJjcmVhdGVfdGltZSI6IjIwMjAtMDEtMDIgMTY6MTk6NDcifQ%3D%3D',
  'if-none-match' => '"145c-59b8680ff8361"',
  'if-modified-since' => 'Tue, 07 Jan 2020 06:01:15 GMT',
)
[ info ] [ PARAM ] array (
  '/uploads/20200107/18ee4a1e2ea9e246fe17c94ba063cc31_png' => '',
)
[ info ] [ LOG ] INIT File
---------------------------------------------------------------
[ 2020-01-07T19:24:55+08:00 ] 0.0.0.0 GET /uploads/20200107/7482c9ca1b4f5c2736e54d939eaaf1b0.png
[ info ] localhost/uploads/20200107/7482c9ca1b4f5c2736e54d939eaaf1b0.png [运行时间：0.069367s][吞吐率：14.42req/s] [内存消耗：1,558.48kb] [文件加载：41]
[ info ] [ LANG ] D:\BaiduYunDownload\weike2\thinkphp\lang\zh-cn.php
[ info ] [ ROUTE ] array (
  'type' => 'module',
  'module' => 
  array (
    0 => 'uploads',
    1 => '20200107',
    2 => '7482c9ca1b4f5c2736e54d939eaaf1b0.png',
  ),
)
[ info ] [ HEADER ] array (
  'host' => 'localhost',
  'connection' => 'keep-alive',
  'user-agent' => 'Mozilla/5.0 (Linux; Android 5.0; SM-G900P Build/LRX21T) AppleWebKit/537.36 (KHTML, like Gecko) Chrome/79.0.3945.88 Mobile Safari/537.36',
  'accept' => 'image/webp,image/apng,image/*,*/*;q=0.8',
  'sec-fetch-site' => 'same-origin',
  'sec-fetch-mode' => 'no-cors',
  'referer' => 'http://localhost/home/task/detail/id/45.html',
  'accept-encoding' => 'gzip, deflate, br',
  'accept-language' => 'zh-CN,zh;q=0.9',
  'cookie' => 'XDEBUG_SESSION=XDEBUG_ECLIPSE; bdshare_firstime=1577962828334; PHPSESSID=tu58b2hcach26cs79s9ovhiubo; administrator=eyJpZCI6MSwidXNlcm5hbWUiOiJhZG1pbiIsInBhc3N3b3JkIjoiY2VmMThiYWQ5ZDEwYmQ5ZWIxZDE1MzBjOGI1YjlkZTQiLCJzYWx0IjoielNlU3M3UTAiLCJnZW5kZXIiOjAsImxldmVsIjowLCJiaXJ0aGRheSI6MCwibmlja25hbWUiOiIiLCJtb2JpbGUiOiIiLCJlbWFpbCI6IiIsImF2YXRhciI6IiIsImlzX2NoZWNrIjoxLCJsYXN0X2xvZ2luX2lwIjoiIiwibGFzdF9sb2dpbl90aW1lIjowLCJ1cGRhdGVfdGltZSI6IjIwMjAtMDEtMDIgMTc6MTQ6MDkiLCJjcmVhdGVfdGltZSI6IjE5NzAtMDEtMDEgMDg6MDA6MDAifQ%3D%3D; member=eyJ1aWQiOjE4MCwidXNlcm5hbWUiOiIxODY1OTY1MjAyOCIsImdlbmRlciI6MCwicGFyZW50X3VpZCI6MCwiZXhwZXJpZW5jZV92YWx1ZSI6IjAuMDAiLCJsZXZlbCI6MSwiaW52aXRhdGlvbl9jb2RlIjpudWxsLCJvYXRoX3R5cGUiOjAsIm9wZW5pZCI6bnVsbCwiY3JlZGl0MSI6Ijk4NC4wMCIsImNyZWRpdDIiOiIwLjgwIiwicGFzc3dvcmQiOiI3ZWNiYWEzZjVmYjczZDNmMmQ3ZGVlYmZkNzdlYzlkYyIsInNhbHQiOiJGMkg5MXgwSCIsImF2YXRhciI6bnVsbCwiZW1haWwiOiIiLCJpc19iaW5kX2VtYWlsIjowLCJhbGlwYXlfYWNjb3VudCI6bnVsbCwiYWxpcGF5X3JlYWxuYW1lIjpudWxsLCJpc19iaW5kX2FsaXBheSI6MCwibW9iaWxlIjpudWxsLCJpc19iaW5kX21vYmlsZSI6MCwiY2hhbm5lbF9pZCI6MCwiY2hhbm5lbF9uYW1lIjpudWxsLCJjaGFubmVsX2Rlc2MiOm51bGwsImlzX2JpbmRfY2hhbm5lbCI6MCwiaXNfY2hlY2siOjEsImlzX2RlbCI6MCwiaW52aXRlX3RvdGFsIjoxLCJpbnZpdGVfcmViYXRlIjoiMC4wMCIsInNpZ24iOiIiLCJzaWduX2NvbnRpbnVlIjoyLCJ1cGRhdGVfdGltZSI6IjIwMjAtMDEtMDcgMTc6MjY6MzgiLCJjcmVhdGVfdGltZSI6IjIwMjAtMDEtMDIgMTY6MTk6NDcifQ%3D%3D',
  'if-none-match' => '"145c-59b8680ff9acc"',
  'if-modified-since' => 'Tue, 07 Jan 2020 06:01:15 GMT',
)
[ info ] [ PARAM ] array (
  '/uploads/20200107/7482c9ca1b4f5c2736e54d939eaaf1b0_png' => '',
)
[ info ] [ LOG ] INIT File
---------------------------------------------------------------
[ 2020-01-07T19:24:56+08:00 ] 0.0.0.0 GET /static/home/mobile/js/lightbox.min.map
[ info ] localhost/static/home/mobile/js/lightbox.min.map [运行时间：0.128224s][吞吐率：7.80req/s] [内存消耗：1,557.71kb] [文件加载：41]
[ info ] [ LANG ] D:\BaiduYunDownload\weike2\thinkphp\lang\zh-cn.php
[ info ] [ ROUTE ] array (
  'type' => 'module',
  'module' => 
  array (
    0 => 'static',
    1 => 'home',
    2 => 'mobile',
  ),
)
[ info ] [ HEADER ] array (
  'host' => 'localhost',
  'connection' => 'keep-alive',
  'user-agent' => 'Mozilla/5.0 (Linux; Android 5.0; SM-G900P Build/LRX21T) AppleWebKit/537.36 (KHTML, like Gecko) Chrome/79.0.3945.88 Mobile Safari/537.36',
  'sec-fetch-site' => 'none',
  'sec-fetch-mode' => 'no-cors',
  'accept-encoding' => 'gzip, deflate, br',
  'accept-language' => 'zh-CN,zh;q=0.9',
  'cookie' => 'XDEBUG_SESSION=XDEBUG_ECLIPSE; bdshare_firstime=1577962828334; PHPSESSID=tu58b2hcach26cs79s9ovhiubo; administrator=eyJpZCI6MSwidXNlcm5hbWUiOiJhZG1pbiIsInBhc3N3b3JkIjoiY2VmMThiYWQ5ZDEwYmQ5ZWIxZDE1MzBjOGI1YjlkZTQiLCJzYWx0IjoielNlU3M3UTAiLCJnZW5kZXIiOjAsImxldmVsIjowLCJiaXJ0aGRheSI6MCwibmlja25hbWUiOiIiLCJtb2JpbGUiOiIiLCJlbWFpbCI6IiIsImF2YXRhciI6IiIsImlzX2NoZWNrIjoxLCJsYXN0X2xvZ2luX2lwIjoiIiwibGFzdF9sb2dpbl90aW1lIjowLCJ1cGRhdGVfdGltZSI6IjIwMjAtMDEtMDIgMTc6MTQ6MDkiLCJjcmVhdGVfdGltZSI6IjE5NzAtMDEtMDEgMDg6MDA6MDAifQ%3D%3D; member=eyJ1aWQiOjE4MCwidXNlcm5hbWUiOiIxODY1OTY1MjAyOCIsImdlbmRlciI6MCwicGFyZW50X3VpZCI6MCwiZXhwZXJpZW5jZV92YWx1ZSI6IjAuMDAiLCJsZXZlbCI6MSwiaW52aXRhdGlvbl9jb2RlIjpudWxsLCJvYXRoX3R5cGUiOjAsIm9wZW5pZCI6bnVsbCwiY3JlZGl0MSI6Ijk4NC4wMCIsImNyZWRpdDIiOiIwLjgwIiwicGFzc3dvcmQiOiI3ZWNiYWEzZjVmYjczZDNmMmQ3ZGVlYmZkNzdlYzlkYyIsInNhbHQiOiJGMkg5MXgwSCIsImF2YXRhciI6bnVsbCwiZW1haWwiOiIiLCJpc19iaW5kX2VtYWlsIjowLCJhbGlwYXlfYWNjb3VudCI6bnVsbCwiYWxpcGF5X3JlYWxuYW1lIjpudWxsLCJpc19iaW5kX2FsaXBheSI6MCwibW9iaWxlIjpudWxsLCJpc19iaW5kX21vYmlsZSI6MCwiY2hhbm5lbF9pZCI6MCwiY2hhbm5lbF9uYW1lIjpudWxsLCJjaGFubmVsX2Rlc2MiOm51bGwsImlzX2JpbmRfY2hhbm5lbCI6MCwiaXNfY2hlY2siOjEsImlzX2RlbCI6MCwiaW52aXRlX3RvdGFsIjoxLCJpbnZpdGVfcmViYXRlIjoiMC4wMCIsInNpZ24iOiIiLCJzaWduX2NvbnRpbnVlIjoyLCJ1cGRhdGVfdGltZSI6IjIwMjAtMDEtMDcgMTc6MjY6MzgiLCJjcmVhdGVfdGltZSI6IjIwMjAtMDEtMDIgMTY6MTk6NDcifQ%3D%3D',
)
[ info ] [ PARAM ] array (
  '/static/home/mobile/js/lightbox_min_map' => '',
  'js' => 'lightbox.min.map',
)
[ info ] [ LOG ] INIT File
---------------------------------------------------------------
[ 2020-01-07T19:24:58+08:00 ] 0.0.0.0 GET /static/home/mobile/css/bootstrap.css.map
[ info ] localhost/static/home/mobile/css/bootstrap.css.map [运行时间：0.067579s][吞吐率：14.80req/s] [内存消耗：1,557.72kb] [文件加载：41]
[ info ] [ LANG ] D:\BaiduYunDownload\weike2\thinkphp\lang\zh-cn.php
[ info ] [ ROUTE ] array (
  'type' => 'module',
  'module' => 
  array (
    0 => 'static',
    1 => 'home',
    2 => 'mobile',
  ),
)
[ info ] [ HEADER ] array (
  'host' => 'localhost',
  'connection' => 'keep-alive',
  'user-agent' => 'Mozilla/5.0 (Linux; Android 5.0; SM-G900P Build/LRX21T) AppleWebKit/537.36 (KHTML, like Gecko) Chrome/79.0.3945.88 Mobile Safari/537.36',
  'sec-fetch-site' => 'none',
  'sec-fetch-mode' => 'no-cors',
  'accept-encoding' => 'gzip, deflate, br',
  'accept-language' => 'zh-CN,zh;q=0.9',
  'cookie' => 'XDEBUG_SESSION=XDEBUG_ECLIPSE; bdshare_firstime=1577962828334; PHPSESSID=tu58b2hcach26cs79s9ovhiubo; administrator=eyJpZCI6MSwidXNlcm5hbWUiOiJhZG1pbiIsInBhc3N3b3JkIjoiY2VmMThiYWQ5ZDEwYmQ5ZWIxZDE1MzBjOGI1YjlkZTQiLCJzYWx0IjoielNlU3M3UTAiLCJnZW5kZXIiOjAsImxldmVsIjowLCJiaXJ0aGRheSI6MCwibmlja25hbWUiOiIiLCJtb2JpbGUiOiIiLCJlbWFpbCI6IiIsImF2YXRhciI6IiIsImlzX2NoZWNrIjoxLCJsYXN0X2xvZ2luX2lwIjoiIiwibGFzdF9sb2dpbl90aW1lIjowLCJ1cGRhdGVfdGltZSI6IjIwMjAtMDEtMDIgMTc6MTQ6MDkiLCJjcmVhdGVfdGltZSI6IjE5NzAtMDEtMDEgMDg6MDA6MDAifQ%3D%3D; member=eyJ1aWQiOjE4MCwidXNlcm5hbWUiOiIxODY1OTY1MjAyOCIsImdlbmRlciI6MCwicGFyZW50X3VpZCI6MCwiZXhwZXJpZW5jZV92YWx1ZSI6IjAuMDAiLCJsZXZlbCI6MSwiaW52aXRhdGlvbl9jb2RlIjpudWxsLCJvYXRoX3R5cGUiOjAsIm9wZW5pZCI6bnVsbCwiY3JlZGl0MSI6Ijk4NC4wMCIsImNyZWRpdDIiOiIwLjgwIiwicGFzc3dvcmQiOiI3ZWNiYWEzZjVmYjczZDNmMmQ3ZGVlYmZkNzdlYzlkYyIsInNhbHQiOiJGMkg5MXgwSCIsImF2YXRhciI6bnVsbCwiZW1haWwiOiIiLCJpc19iaW5kX2VtYWlsIjowLCJhbGlwYXlfYWNjb3VudCI6bnVsbCwiYWxpcGF5X3JlYWxuYW1lIjpudWxsLCJpc19iaW5kX2FsaXBheSI6MCwibW9iaWxlIjpudWxsLCJpc19iaW5kX21vYmlsZSI6MCwiY2hhbm5lbF9pZCI6MCwiY2hhbm5lbF9uYW1lIjpudWxsLCJjaGFubmVsX2Rlc2MiOm51bGwsImlzX2JpbmRfY2hhbm5lbCI6MCwiaXNfY2hlY2siOjEsImlzX2RlbCI6MCwiaW52aXRlX3RvdGFsIjoxLCJpbnZpdGVfcmViYXRlIjoiMC4wMCIsInNpZ24iOiIiLCJzaWduX2NvbnRpbnVlIjoyLCJ1cGRhdGVfdGltZSI6IjIwMjAtMDEtMDcgMTc6MjY6MzgiLCJjcmVhdGVfdGltZSI6IjIwMjAtMDEtMDIgMTY6MTk6NDcifQ%3D%3D',
)
[ info ] [ PARAM ] array (
  '/static/home/mobile/css/bootstrap_css_map' => '',
  'css' => 'bootstrap.css.map',
)
[ info ] [ LOG ] INIT File
---------------------------------------------------------------
[ 2020-01-07T19:24:59+08:00 ] 0.0.0.0 GET /static/home/mobile/js/maps/swiper.min.js.map
[ info ] localhost/static/home/mobile/js/maps/swiper.min.js.map [运行时间：0.077589s][吞吐率：12.89req/s] [内存消耗：1,557.69kb] [文件加载：41]
[ info ] [ LANG ] D:\BaiduYunDownload\weike2\thinkphp\lang\zh-cn.php
[ info ] [ ROUTE ] array (
  'type' => 'module',
  'module' => 
  array (
    0 => 'static',
    1 => 'home',
    2 => 'mobile',
  ),
)
[ info ] [ HEADER ] array (
  'host' => 'localhost',
  'connection' => 'keep-alive',
  'user-agent' => 'Mozilla/5.0 (Linux; Android 5.0; SM-G900P Build/LRX21T) AppleWebKit/537.36 (KHTML, like Gecko) Chrome/79.0.3945.88 Mobile Safari/537.36',
  'sec-fetch-site' => 'none',
  'sec-fetch-mode' => 'no-cors',
  'accept-encoding' => 'gzip, deflate, br',
  'accept-language' => 'zh-CN,zh;q=0.9',
  'cookie' => 'XDEBUG_SESSION=XDEBUG_ECLIPSE; bdshare_firstime=1577962828334; PHPSESSID=tu58b2hcach26cs79s9ovhiubo; administrator=eyJpZCI6MSwidXNlcm5hbWUiOiJhZG1pbiIsInBhc3N3b3JkIjoiY2VmMThiYWQ5ZDEwYmQ5ZWIxZDE1MzBjOGI1YjlkZTQiLCJzYWx0IjoielNlU3M3UTAiLCJnZW5kZXIiOjAsImxldmVsIjowLCJiaXJ0aGRheSI6MCwibmlja25hbWUiOiIiLCJtb2JpbGUiOiIiLCJlbWFpbCI6IiIsImF2YXRhciI6IiIsImlzX2NoZWNrIjoxLCJsYXN0X2xvZ2luX2lwIjoiIiwibGFzdF9sb2dpbl90aW1lIjowLCJ1cGRhdGVfdGltZSI6IjIwMjAtMDEtMDIgMTc6MTQ6MDkiLCJjcmVhdGVfdGltZSI6IjE5NzAtMDEtMDEgMDg6MDA6MDAifQ%3D%3D; member=eyJ1aWQiOjE4MCwidXNlcm5hbWUiOiIxODY1OTY1MjAyOCIsImdlbmRlciI6MCwicGFyZW50X3VpZCI6MCwiZXhwZXJpZW5jZV92YWx1ZSI6IjAuMDAiLCJsZXZlbCI6MSwiaW52aXRhdGlvbl9jb2RlIjpudWxsLCJvYXRoX3R5cGUiOjAsIm9wZW5pZCI6bnVsbCwiY3JlZGl0MSI6Ijk4NC4wMCIsImNyZWRpdDIiOiIwLjgwIiwicGFzc3dvcmQiOiI3ZWNiYWEzZjVmYjczZDNmMmQ3ZGVlYmZkNzdlYzlkYyIsInNhbHQiOiJGMkg5MXgwSCIsImF2YXRhciI6bnVsbCwiZW1haWwiOiIiLCJpc19iaW5kX2VtYWlsIjowLCJhbGlwYXlfYWNjb3VudCI6bnVsbCwiYWxpcGF5X3JlYWxuYW1lIjpudWxsLCJpc19iaW5kX2FsaXBheSI6MCwibW9iaWxlIjpudWxsLCJpc19iaW5kX21vYmlsZSI6MCwiY2hhbm5lbF9pZCI6MCwiY2hhbm5lbF9uYW1lIjpudWxsLCJjaGFubmVsX2Rlc2MiOm51bGwsImlzX2JpbmRfY2hhbm5lbCI6MCwiaXNfY2hlY2siOjEsImlzX2RlbCI6MCwiaW52aXRlX3RvdGFsIjoxLCJpbnZpdGVfcmViYXRlIjoiMC4wMCIsInNpZ24iOiIiLCJzaWduX2NvbnRpbnVlIjoyLCJ1cGRhdGVfdGltZSI6IjIwMjAtMDEtMDcgMTc6MjY6MzgiLCJjcmVhdGVfdGltZSI6IjIwMjAtMDEtMDIgMTY6MTk6NDcifQ%3D%3D',
)
[ info ] [ PARAM ] array (
  '/static/home/mobile/js/maps/swiper_min_js_map' => '',
  'js' => 'maps',
)
[ info ] [ LOG ] INIT File
---------------------------------------------------------------
[ 2020-01-07T19:24:59+08:00 ] 0.0.0.0 GET /home/task/task_join_ajax?id=45&page=1
[ info ] localhost/home/task/task_join_ajax?id=45&page=1 [运行时间：0.199190s][吞吐率：5.02req/s] [内存消耗：3,214.23kb] [文件加载：61]
[ info ] [ LANG ] D:\BaiduYunDownload\weike2\thinkphp\lang\zh-cn.php
[ info ] [ ROUTE ] array (
  'type' => 'module',
  'module' => 
  array (
    0 => 'home',
    1 => 'task',
    2 => 'task_join_ajax',
  ),
)
[ info ] [ HEADER ] array (
  'host' => 'localhost',
  'connection' => 'keep-alive',
  'accept' => '*/*',
  'x-requested-with' => 'XMLHttpRequest',
  'user-agent' => 'Mozilla/5.0 (Linux; Android 5.0; SM-G900P Build/LRX21T) AppleWebKit/537.36 (KHTML, like Gecko) Chrome/79.0.3945.88 Mobile Safari/537.36',
  'sec-fetch-site' => 'same-origin',
  'sec-fetch-mode' => 'cors',
  'referer' => 'http://localhost/home/task/detail/id/45.html',
  'accept-encoding' => 'gzip, deflate, br',
  'accept-language' => 'zh-CN,zh;q=0.9',
  'cookie' => 'XDEBUG_SESSION=XDEBUG_ECLIPSE; bdshare_firstime=1577962828334; PHPSESSID=tu58b2hcach26cs79s9ovhiubo; administrator=eyJpZCI6MSwidXNlcm5hbWUiOiJhZG1pbiIsInBhc3N3b3JkIjoiY2VmMThiYWQ5ZDEwYmQ5ZWIxZDE1MzBjOGI1YjlkZTQiLCJzYWx0IjoielNlU3M3UTAiLCJnZW5kZXIiOjAsImxldmVsIjowLCJiaXJ0aGRheSI6MCwibmlja25hbWUiOiIiLCJtb2JpbGUiOiIiLCJlbWFpbCI6IiIsImF2YXRhciI6IiIsImlzX2NoZWNrIjoxLCJsYXN0X2xvZ2luX2lwIjoiIiwibGFzdF9sb2dpbl90aW1lIjowLCJ1cGRhdGVfdGltZSI6IjIwMjAtMDEtMDIgMTc6MTQ6MDkiLCJjcmVhdGVfdGltZSI6IjE5NzAtMDEtMDEgMDg6MDA6MDAifQ%3D%3D; member=eyJ1aWQiOjE4MCwidXNlcm5hbWUiOiIxODY1OTY1MjAyOCIsImdlbmRlciI6MCwicGFyZW50X3VpZCI6MCwiZXhwZXJpZW5jZV92YWx1ZSI6IjAuMDAiLCJsZXZlbCI6MSwiaW52aXRhdGlvbl9jb2RlIjpudWxsLCJvYXRoX3R5cGUiOjAsIm9wZW5pZCI6bnVsbCwiY3JlZGl0MSI6Ijk4NC4wMCIsImNyZWRpdDIiOiIwLjgwIiwicGFzc3dvcmQiOiI3ZWNiYWEzZjVmYjczZDNmMmQ3ZGVlYmZkNzdlYzlkYyIsInNhbHQiOiJGMkg5MXgwSCIsImF2YXRhciI6bnVsbCwiZW1haWwiOiIiLCJpc19iaW5kX2VtYWlsIjowLCJhbGlwYXlfYWNjb3VudCI6bnVsbCwiYWxpcGF5X3JlYWxuYW1lIjpudWxsLCJpc19iaW5kX2FsaXBheSI6MCwibW9iaWxlIjpudWxsLCJpc19iaW5kX21vYmlsZSI6MCwiY2hhbm5lbF9pZCI6MCwiY2hhbm5lbF9uYW1lIjpudWxsLCJjaGFubmVsX2Rlc2MiOm51bGwsImlzX2JpbmRfY2hhbm5lbCI6MCwiaXNfY2hlY2siOjEsImlzX2RlbCI6MCwiaW52aXRlX3RvdGFsIjoxLCJpbnZpdGVfcmViYXRlIjoiMC4wMCIsInNpZ24iOiIiLCJzaWduX2NvbnRpbnVlIjoyLCJ1cGRhdGVfdGltZSI6IjIwMjAtMDEtMDcgMTc6MjY6MzgiLCJjcmVhdGVfdGltZSI6IjIwMjAtMDEtMDIgMTY6MTk6NDcifQ%3D%3D',
)
[ info ] [ PARAM ] array (
  '/home/task/task_join_ajax' => '',
  'id' => '45',
  'page' => '1',
)
[ info ] [ DB ] INIT mysql
[ info ] [ RUN ] app\home\controller\Task->task_join_ajax[ D:\BaiduYunDownload\weike2\app\home\controller\Task.php ]
[ info ] [ LOG ] INIT File
[ sql ] [ DB ] CONNECT:[ UseTime:0.001774s ] mysql:host=localhost;dbname=web32;charset=utf8
[ sql ] [ SQL ] SHOW COLUMNS FROM `tb_config` [ RunTime:0.024303s ]
[ sql ] [ SQL ] SELECT * FROM `tb_config` ORDER BY `create_time`  desc LIMIT 1 [ RunTime:0.000698s ]
[ sql ] [ SQL ] SHOW COLUMNS FROM `tb_member` [ RunTime:0.016135s ]
[ sql ] [ SQL ] SELECT * FROM `tb_member` WHERE  `uid` = 180 LIMIT 1 [ RunTime:0.001309s ]
[ sql ] [ SQL ] SHOW COLUMNS FROM `tb_task_join` [ RunTime:0.021173s ]
[ sql ] [ SQL ] SELECT COUNT(*) AS tp_count FROM `tb_task_join` `task_join` INNER JOIN `tb_member` `member` ON `task_join`.`uid`=`member`.`uid` WHERE  `task_join`.`task_id` = 45  AND `task_join`.`status` = 3  AND `task_join`.`delflag` = 1 LIMIT 1 [ RunTime:0.001049s ]
[ sql ] [ SQL ] SELECT `task_join`.*,`member`.`uid`,`member`.`username`,`member`.`level`,`member`.`avatar` FROM `tb_task_join` `task_join` INNER JOIN `tb_member` `member` ON `task_join`.`uid`=`member`.`uid` WHERE  `task_join`.`task_id` = 45  AND `task_join`.`status` = 3  AND `task_join`.`delflag` = 1 LIMIT 0,15 [ RunTime:0.001085s ]
---------------------------------------------------------------
[ 2020-01-07T19:25:01+08:00 ] 0.0.0.0 GET /home/mytaskaudit/index/id/45.html
[ info ] localhost/home/mytaskaudit/index/id/45.html [运行时间：0.359405s][吞吐率：2.78req/s] [内存消耗：3,329.22kb] [文件加载：65]
[ info ] [ LANG ] D:\BaiduYunDownload\weike2\thinkphp\lang\zh-cn.php
[ info ] [ ROUTE ] array (
  'type' => 'module',
  'module' => 
  array (
    0 => 'home',
    1 => 'mytaskaudit',
    2 => 'index',
  ),
)
[ info ] [ HEADER ] array (
  'host' => 'localhost',
  'connection' => 'keep-alive',
  'upgrade-insecure-requests' => '1',
  'user-agent' => 'Mozilla/5.0 (Linux; Android 5.0; SM-G900P Build/LRX21T) AppleWebKit/537.36 (KHTML, like Gecko) Chrome/79.0.3945.88 Mobile Safari/537.36',
  'sec-fetch-user' => '?1',
  'accept' => 'text/html,application/xhtml+xml,application/xml;q=0.9,image/webp,image/apng,*/*;q=0.8,application/signed-exchange;v=b3;q=0.9',
  'sec-fetch-site' => 'same-origin',
  'sec-fetch-mode' => 'navigate',
  'referer' => 'http://localhost/home/task/detail/id/45.html',
  'accept-encoding' => 'gzip, deflate, br',
  'accept-language' => 'zh-CN,zh;q=0.9',
  'cookie' => 'XDEBUG_SESSION=XDEBUG_ECLIPSE; bdshare_firstime=1577962828334; PHPSESSID=tu58b2hcach26cs79s9ovhiubo; administrator=eyJpZCI6MSwidXNlcm5hbWUiOiJhZG1pbiIsInBhc3N3b3JkIjoiY2VmMThiYWQ5ZDEwYmQ5ZWIxZDE1MzBjOGI1YjlkZTQiLCJzYWx0IjoielNlU3M3UTAiLCJnZW5kZXIiOjAsImxldmVsIjowLCJiaXJ0aGRheSI6MCwibmlja25hbWUiOiIiLCJtb2JpbGUiOiIiLCJlbWFpbCI6IiIsImF2YXRhciI6IiIsImlzX2NoZWNrIjoxLCJsYXN0X2xvZ2luX2lwIjoiIiwibGFzdF9sb2dpbl90aW1lIjowLCJ1cGRhdGVfdGltZSI6IjIwMjAtMDEtMDIgMTc6MTQ6MDkiLCJjcmVhdGVfdGltZSI6IjE5NzAtMDEtMDEgMDg6MDA6MDAifQ%3D%3D; member=eyJ1aWQiOjE4MCwidXNlcm5hbWUiOiIxODY1OTY1MjAyOCIsImdlbmRlciI6MCwicGFyZW50X3VpZCI6MCwiZXhwZXJpZW5jZV92YWx1ZSI6IjAuMDAiLCJsZXZlbCI6MSwiaW52aXRhdGlvbl9jb2RlIjpudWxsLCJvYXRoX3R5cGUiOjAsIm9wZW5pZCI6bnVsbCwiY3JlZGl0MSI6Ijk4NC4wMCIsImNyZWRpdDIiOiIwLjgwIiwicGFzc3dvcmQiOiI3ZWNiYWEzZjVmYjczZDNmMmQ3ZGVlYmZkNzdlYzlkYyIsInNhbHQiOiJGMkg5MXgwSCIsImF2YXRhciI6bnVsbCwiZW1haWwiOiIiLCJpc19iaW5kX2VtYWlsIjowLCJhbGlwYXlfYWNjb3VudCI6bnVsbCwiYWxpcGF5X3JlYWxuYW1lIjpudWxsLCJpc19iaW5kX2FsaXBheSI6MCwibW9iaWxlIjpudWxsLCJpc19iaW5kX21vYmlsZSI6MCwiY2hhbm5lbF9pZCI6MCwiY2hhbm5lbF9uYW1lIjpudWxsLCJjaGFubmVsX2Rlc2MiOm51bGwsImlzX2JpbmRfY2hhbm5lbCI6MCwiaXNfY2hlY2siOjEsImlzX2RlbCI6MCwiaW52aXRlX3RvdGFsIjoxLCJpbnZpdGVfcmViYXRlIjoiMC4wMCIsInNpZ24iOiIiLCJzaWduX2NvbnRpbnVlIjoyLCJ1cGRhdGVfdGltZSI6IjIwMjAtMDEtMDcgMTc6MjY6MzgiLCJjcmVhdGVfdGltZSI6IjIwMjAtMDEtMDIgMTY6MTk6NDcifQ%3D%3D',
)
[ info ] [ PARAM ] array (
  '/home/mytaskaudit/index/id/45_html' => '',
  'id' => '45',
)
[ info ] [ DB ] INIT mysql
[ info ] [ RUN ] app\home\controller\Mytaskaudit->index[ D:\BaiduYunDownload\weike2\app\home\controller\Mytaskaudit.php ]
[ info ] [ VIEW ] ./views/home/mobile/mytaskaudit\index.phtml [ array (
  0 => 'controller',
  1 => 'action',
  2 => 'site',
  3 => 'member',
  4 => 'item',
  5 => 'category_type',
  6 => 'tasks',
  7 => 'count',
  8 => 'pageCount',
) ]
[ info ] [ LOG ] INIT File
[ sql ] [ DB ] CONNECT:[ UseTime:0.001418s ] mysql:host=localhost;dbname=web32;charset=utf8
[ sql ] [ SQL ] SHOW COLUMNS FROM `tb_config` [ RunTime:0.023181s ]
[ sql ] [ SQL ] SELECT * FROM `tb_config` ORDER BY `create_time`  desc LIMIT 1 [ RunTime:0.000642s ]
[ sql ] [ SQL ] SHOW COLUMNS FROM `tb_member` [ RunTime:0.014784s ]
[ sql ] [ SQL ] SELECT * FROM `tb_member` WHERE  `uid` = 180 LIMIT 1 [ RunTime:0.000894s ]
[ sql ] [ SQL ] SELECT * FROM `tb_member` WHERE  `uid` = 180 LIMIT 1 [ RunTime:0.000898s ]
[ sql ] [ SQL ] SELECT a.*,b.username,b.avatar,b.level FROM tb_task a LEFT JOIN tb_member b ON a.uid=b.uid WHERE a.id=45 [ RunTime:0.001010s ]
[ sql ] [ SQL ] SHOW COLUMNS FROM `tb_task_category` [ RunTime:0.020830s ]
[ sql ] [ SQL ] SELECT * FROM `tb_task_category` ORDER BY order_by desc LIMIT 0,100 [ RunTime:0.000771s ]
[ sql ] [ SQL ] SELECT task.*, task_join.id as join_id, task_join.uid as join_uid, task_join.status as join_status, task_join.create_time as join_create_time, task_join.audit_time as join_audit_time FROM tb_task_join task_join INNER JOIN tb_task task ON task_join.task_id=task.id WHERE task_join.task_id=45 AND task_join.delflag=1 AND task.is_display=1  ORDER BY task_join.update_time DESC LIMIT 0,15 [ RunTime:0.001358s ]
[ sql ] [ SQL ] SELECT COUNT(*) AS num FROM tb_task_join task_join INNER JOIN tb_task task ON task_join.task_id=task.id WHERE task_join.task_id=45 AND task_join.delflag=1 AND task.is_display=1 [ RunTime:0.000998s ]
---------------------------------------------------------------
[ 2020-01-07T19:25:02+08:00 ] 0.0.0.0 GET /home/mytaskaudit/index/id/clientapp/images/new_images/favicon.ico
[ info ] localhost/home/mytaskaudit/index/id/clientapp/images/new_images/favicon.ico [运行时间：0.262315s][吞吐率：3.81req/s] [内存消耗：3,022.89kb] [文件加载：57]
[ info ] [ LANG ] D:\BaiduYunDownload\weike2\thinkphp\lang\zh-cn.php
[ info ] [ ROUTE ] array (
  'type' => 'module',
  'module' => 
  array (
    0 => 'home',
    1 => 'mytaskaudit',
    2 => 'index',
  ),
)
[ info ] [ HEADER ] array (
  'host' => 'localhost',
  'connection' => 'keep-alive',
  'user-agent' => 'Mozilla/5.0 (Linux; Android 5.0; SM-G900P Build/LRX21T) AppleWebKit/537.36 (KHTML, like Gecko) Chrome/79.0.3945.88 Mobile Safari/537.36',
  'accept' => 'image/webp,image/apng,image/*,*/*;q=0.8',
  'sec-fetch-site' => 'same-origin',
  'sec-fetch-mode' => 'no-cors',
  'referer' => 'http://localhost/home/mytaskaudit/index/id/45.html',
  'accept-encoding' => 'gzip, deflate, br',
  'accept-language' => 'zh-CN,zh;q=0.9',
  'cookie' => 'XDEBUG_SESSION=XDEBUG_ECLIPSE; bdshare_firstime=1577962828334; PHPSESSID=tu58b2hcach26cs79s9ovhiubo; administrator=eyJpZCI6MSwidXNlcm5hbWUiOiJhZG1pbiIsInBhc3N3b3JkIjoiY2VmMThiYWQ5ZDEwYmQ5ZWIxZDE1MzBjOGI1YjlkZTQiLCJzYWx0IjoielNlU3M3UTAiLCJnZW5kZXIiOjAsImxldmVsIjowLCJiaXJ0aGRheSI6MCwibmlja25hbWUiOiIiLCJtb2JpbGUiOiIiLCJlbWFpbCI6IiIsImF2YXRhciI6IiIsImlzX2NoZWNrIjoxLCJsYXN0X2xvZ2luX2lwIjoiIiwibGFzdF9sb2dpbl90aW1lIjowLCJ1cGRhdGVfdGltZSI6IjIwMjAtMDEtMDIgMTc6MTQ6MDkiLCJjcmVhdGVfdGltZSI6IjE5NzAtMDEtMDEgMDg6MDA6MDAifQ%3D%3D; member=eyJ1aWQiOjE4MCwidXNlcm5hbWUiOiIxODY1OTY1MjAyOCIsImdlbmRlciI6MCwicGFyZW50X3VpZCI6MCwiZXhwZXJpZW5jZV92YWx1ZSI6IjAuMDAiLCJsZXZlbCI6MSwiaW52aXRhdGlvbl9jb2RlIjpudWxsLCJvYXRoX3R5cGUiOjAsIm9wZW5pZCI6bnVsbCwiY3JlZGl0MSI6Ijk4NC4wMCIsImNyZWRpdDIiOiIwLjgwIiwicGFzc3dvcmQiOiI3ZWNiYWEzZjVmYjczZDNmMmQ3ZGVlYmZkNzdlYzlkYyIsInNhbHQiOiJGMkg5MXgwSCIsImF2YXRhciI6bnVsbCwiZW1haWwiOiIiLCJpc19iaW5kX2VtYWlsIjowLCJhbGlwYXlfYWNjb3VudCI6bnVsbCwiYWxpcGF5X3JlYWxuYW1lIjpudWxsLCJpc19iaW5kX2FsaXBheSI6MCwibW9iaWxlIjpudWxsLCJpc19iaW5kX21vYmlsZSI6MCwiY2hhbm5lbF9pZCI6MCwiY2hhbm5lbF9uYW1lIjpudWxsLCJjaGFubmVsX2Rlc2MiOm51bGwsImlzX2JpbmRfY2hhbm5lbCI6MCwiaXNfY2hlY2siOjEsImlzX2RlbCI6MCwiaW52aXRlX3RvdGFsIjoxLCJpbnZpdGVfcmViYXRlIjoiMC4wMCIsInNpZ24iOiIiLCJzaWduX2NvbnRpbnVlIjoyLCJ1cGRhdGVfdGltZSI6IjIwMjAtMDEtMDcgMTc6MjY6MzgiLCJjcmVhdGVfdGltZSI6IjIwMjAtMDEtMDIgMTY6MTk6NDcifQ%3D%3D',
)
[ info ] [ PARAM ] array (
  '/home/mytaskaudit/index/id/clientapp/images/new_images/favicon_ico' => '',
  'id' => 'clientapp',
  'images' => 'new_images',
)
[ info ] [ DB ] INIT mysql
[ info ] [ RUN ] app\home\controller\Mytaskaudit->index[ D:\BaiduYunDownload\weike2\app\home\controller\Mytaskaudit.php ]
[ info ] [ LOG ] INIT File
[ sql ] [ DB ] CONNECT:[ UseTime:0.001851s ] mysql:host=localhost;dbname=web32;charset=utf8
[ sql ] [ SQL ] SHOW COLUMNS FROM `tb_config` [ RunTime:0.059396s ]
[ sql ] [ SQL ] SELECT * FROM `tb_config` ORDER BY `create_time`  desc LIMIT 1 [ RunTime:0.000906s ]
[ sql ] [ SQL ] SHOW COLUMNS FROM `tb_member` [ RunTime:0.023340s ]
[ sql ] [ SQL ] SELECT * FROM `tb_member` WHERE  `uid` = 180 LIMIT 1 [ RunTime:0.001240s ]
[ sql ] [ SQL ] SELECT * FROM `tb_member` WHERE  `uid` = 180 LIMIT 1 [ RunTime:0.001926s ]
---------------------------------------------------------------
[ 2020-01-07T19:25:08+08:00 ] 0.0.0.0 GET /uploads/20200107/7482c9ca1b4f5c2736e54d939eaaf1b0.png
[ info ] localhost/uploads/20200107/7482c9ca1b4f5c2736e54d939eaaf1b0.png [运行时间：0.104759s][吞吐率：9.55req/s] [内存消耗：1,558.37kb] [文件加载：41]
[ info ] [ LANG ] D:\BaiduYunDownload\weike2\thinkphp\lang\zh-cn.php
[ info ] [ ROUTE ] array (
  'type' => 'module',
  'module' => 
  array (
    0 => 'uploads',
    1 => '20200107',
    2 => '7482c9ca1b4f5c2736e54d939eaaf1b0.png',
  ),
)
[ info ] [ HEADER ] array (
  'host' => 'localhost',
  'connection' => 'keep-alive',
  'user-agent' => 'Mozilla/5.0 (Linux; Android 5.0; SM-G900P Build/LRX21T) AppleWebKit/537.36 (KHTML, like Gecko) Chrome/79.0.3945.88 Mobile Safari/537.36',
  'accept' => 'image/webp,image/apng,image/*,*/*;q=0.8',
  'sec-fetch-site' => 'same-origin',
  'sec-fetch-mode' => 'no-cors',
  'referer' => 'http://localhost/home/task/detail/id/45.html',
  'accept-encoding' => 'gzip, deflate, br',
  'accept-language' => 'zh-CN,zh;q=0.9',
  'cookie' => 'XDEBUG_SESSION=XDEBUG_ECLIPSE; bdshare_firstime=1577962828334; PHPSESSID=tu58b2hcach26cs79s9ovhiubo; administrator=eyJpZCI6MSwidXNlcm5hbWUiOiJhZG1pbiIsInBhc3N3b3JkIjoiY2VmMThiYWQ5ZDEwYmQ5ZWIxZDE1MzBjOGI1YjlkZTQiLCJzYWx0IjoielNlU3M3UTAiLCJnZW5kZXIiOjAsImxldmVsIjowLCJiaXJ0aGRheSI6MCwibmlja25hbWUiOiIiLCJtb2JpbGUiOiIiLCJlbWFpbCI6IiIsImF2YXRhciI6IiIsImlzX2NoZWNrIjoxLCJsYXN0X2xvZ2luX2lwIjoiIiwibGFzdF9sb2dpbl90aW1lIjowLCJ1cGRhdGVfdGltZSI6IjIwMjAtMDEtMDIgMTc6MTQ6MDkiLCJjcmVhdGVfdGltZSI6IjE5NzAtMDEtMDEgMDg6MDA6MDAifQ%3D%3D; member=eyJ1aWQiOjE4MCwidXNlcm5hbWUiOiIxODY1OTY1MjAyOCIsImdlbmRlciI6MCwicGFyZW50X3VpZCI6MCwiZXhwZXJpZW5jZV92YWx1ZSI6IjAuMDAiLCJsZXZlbCI6MSwiaW52aXRhdGlvbl9jb2RlIjpudWxsLCJvYXRoX3R5cGUiOjAsIm9wZW5pZCI6bnVsbCwiY3JlZGl0MSI6Ijk4NC4wMCIsImNyZWRpdDIiOiIwLjgwIiwicGFzc3dvcmQiOiI3ZWNiYWEzZjVmYjczZDNmMmQ3ZGVlYmZkNzdlYzlkYyIsInNhbHQiOiJGMkg5MXgwSCIsImF2YXRhciI6bnVsbCwiZW1haWwiOiIiLCJpc19iaW5kX2VtYWlsIjowLCJhbGlwYXlfYWNjb3VudCI6bnVsbCwiYWxpcGF5X3JlYWxuYW1lIjpudWxsLCJpc19iaW5kX2FsaXBheSI6MCwibW9iaWxlIjpudWxsLCJpc19iaW5kX21vYmlsZSI6MCwiY2hhbm5lbF9pZCI6MCwiY2hhbm5lbF9uYW1lIjpudWxsLCJjaGFubmVsX2Rlc2MiOm51bGwsImlzX2JpbmRfY2hhbm5lbCI6MCwiaXNfY2hlY2siOjEsImlzX2RlbCI6MCwiaW52aXRlX3RvdGFsIjoxLCJpbnZpdGVfcmViYXRlIjoiMC4wMCIsInNpZ24iOiIiLCJzaWduX2NvbnRpbnVlIjoyLCJ1cGRhdGVfdGltZSI6IjIwMjAtMDEtMDcgMTc6MjY6MzgiLCJjcmVhdGVfdGltZSI6IjIwMjAtMDEtMDIgMTY6MTk6NDcifQ%3D%3D',
)
[ info ] [ PARAM ] array (
  '/uploads/20200107/7482c9ca1b4f5c2736e54d939eaaf1b0_png' => '',
)
[ info ] [ LOG ] INIT File
---------------------------------------------------------------
[ 2020-01-07T19:25:08+08:00 ] 0.0.0.0 GET /uploads/20200107/18ee4a1e2ea9e246fe17c94ba063cc31.png
[ info ] localhost/uploads/20200107/18ee4a1e2ea9e246fe17c94ba063cc31.png [运行时间：0.125585s][吞吐率：7.96req/s] [内存消耗：1,558.37kb] [文件加载：41]
[ info ] [ LANG ] D:\BaiduYunDownload\weike2\thinkphp\lang\zh-cn.php
[ info ] [ ROUTE ] array (
  'type' => 'module',
  'module' => 
  array (
    0 => 'uploads',
    1 => '20200107',
    2 => '18ee4a1e2ea9e246fe17c94ba063cc31.png',
  ),
)
[ info ] [ HEADER ] array (
  'host' => 'localhost',
  'connection' => 'keep-alive',
  'user-agent' => 'Mozilla/5.0 (Linux; Android 5.0; SM-G900P Build/LRX21T) AppleWebKit/537.36 (KHTML, like Gecko) Chrome/79.0.3945.88 Mobile Safari/537.36',
  'accept' => 'image/webp,image/apng,image/*,*/*;q=0.8',
  'sec-fetch-site' => 'same-origin',
  'sec-fetch-mode' => 'no-cors',
  'referer' => 'http://localhost/home/task/detail/id/45.html',
  'accept-encoding' => 'gzip, deflate, br',
  'accept-language' => 'zh-CN,zh;q=0.9',
  'cookie' => 'XDEBUG_SESSION=XDEBUG_ECLIPSE; bdshare_firstime=1577962828334; PHPSESSID=tu58b2hcach26cs79s9ovhiubo; administrator=eyJpZCI6MSwidXNlcm5hbWUiOiJhZG1pbiIsInBhc3N3b3JkIjoiY2VmMThiYWQ5ZDEwYmQ5ZWIxZDE1MzBjOGI1YjlkZTQiLCJzYWx0IjoielNlU3M3UTAiLCJnZW5kZXIiOjAsImxldmVsIjowLCJiaXJ0aGRheSI6MCwibmlja25hbWUiOiIiLCJtb2JpbGUiOiIiLCJlbWFpbCI6IiIsImF2YXRhciI6IiIsImlzX2NoZWNrIjoxLCJsYXN0X2xvZ2luX2lwIjoiIiwibGFzdF9sb2dpbl90aW1lIjowLCJ1cGRhdGVfdGltZSI6IjIwMjAtMDEtMDIgMTc6MTQ6MDkiLCJjcmVhdGVfdGltZSI6IjE5NzAtMDEtMDEgMDg6MDA6MDAifQ%3D%3D; member=eyJ1aWQiOjE4MCwidXNlcm5hbWUiOiIxODY1OTY1MjAyOCIsImdlbmRlciI6MCwicGFyZW50X3VpZCI6MCwiZXhwZXJpZW5jZV92YWx1ZSI6IjAuMDAiLCJsZXZlbCI6MSwiaW52aXRhdGlvbl9jb2RlIjpudWxsLCJvYXRoX3R5cGUiOjAsIm9wZW5pZCI6bnVsbCwiY3JlZGl0MSI6Ijk4NC4wMCIsImNyZWRpdDIiOiIwLjgwIiwicGFzc3dvcmQiOiI3ZWNiYWEzZjVmYjczZDNmMmQ3ZGVlYmZkNzdlYzlkYyIsInNhbHQiOiJGMkg5MXgwSCIsImF2YXRhciI6bnVsbCwiZW1haWwiOiIiLCJpc19iaW5kX2VtYWlsIjowLCJhbGlwYXlfYWNjb3VudCI6bnVsbCwiYWxpcGF5X3JlYWxuYW1lIjpudWxsLCJpc19iaW5kX2FsaXBheSI6MCwibW9iaWxlIjpudWxsLCJpc19iaW5kX21vYmlsZSI6MCwiY2hhbm5lbF9pZCI6MCwiY2hhbm5lbF9uYW1lIjpudWxsLCJjaGFubmVsX2Rlc2MiOm51bGwsImlzX2JpbmRfY2hhbm5lbCI6MCwiaXNfY2hlY2siOjEsImlzX2RlbCI6MCwiaW52aXRlX3RvdGFsIjoxLCJpbnZpdGVfcmViYXRlIjoiMC4wMCIsInNpZ24iOiIiLCJzaWduX2NvbnRpbnVlIjoyLCJ1cGRhdGVfdGltZSI6IjIwMjAtMDEtMDcgMTc6MjY6MzgiLCJjcmVhdGVfdGltZSI6IjIwMjAtMDEtMDIgMTY6MTk6NDcifQ%3D%3D',
)
[ info ] [ PARAM ] array (
  '/uploads/20200107/18ee4a1e2ea9e246fe17c94ba063cc31_png' => '',
)
[ info ] [ LOG ] INIT File
---------------------------------------------------------------
[ 2020-01-07T19:25:08+08:00 ] 0.0.0.0 GET /static/home/mobile/js/lightbox.min.map
[ info ] localhost/static/home/mobile/js/lightbox.min.map [运行时间：0.066893s][吞吐率：14.95req/s] [内存消耗：1,557.71kb] [文件加载：41]
[ info ] [ LANG ] D:\BaiduYunDownload\weike2\thinkphp\lang\zh-cn.php
[ info ] [ ROUTE ] array (
  'type' => 'module',
  'module' => 
  array (
    0 => 'static',
    1 => 'home',
    2 => 'mobile',
  ),
)
[ info ] [ HEADER ] array (
  'host' => 'localhost',
  'connection' => 'keep-alive',
  'user-agent' => 'Mozilla/5.0 (Linux; Android 5.0; SM-G900P Build/LRX21T) AppleWebKit/537.36 (KHTML, like Gecko) Chrome/79.0.3945.88 Mobile Safari/537.36',
  'sec-fetch-site' => 'none',
  'sec-fetch-mode' => 'no-cors',
  'accept-encoding' => 'gzip, deflate, br',
  'accept-language' => 'zh-CN,zh;q=0.9',
  'cookie' => 'XDEBUG_SESSION=XDEBUG_ECLIPSE; bdshare_firstime=1577962828334; PHPSESSID=tu58b2hcach26cs79s9ovhiubo; administrator=eyJpZCI6MSwidXNlcm5hbWUiOiJhZG1pbiIsInBhc3N3b3JkIjoiY2VmMThiYWQ5ZDEwYmQ5ZWIxZDE1MzBjOGI1YjlkZTQiLCJzYWx0IjoielNlU3M3UTAiLCJnZW5kZXIiOjAsImxldmVsIjowLCJiaXJ0aGRheSI6MCwibmlja25hbWUiOiIiLCJtb2JpbGUiOiIiLCJlbWFpbCI6IiIsImF2YXRhciI6IiIsImlzX2NoZWNrIjoxLCJsYXN0X2xvZ2luX2lwIjoiIiwibGFzdF9sb2dpbl90aW1lIjowLCJ1cGRhdGVfdGltZSI6IjIwMjAtMDEtMDIgMTc6MTQ6MDkiLCJjcmVhdGVfdGltZSI6IjE5NzAtMDEtMDEgMDg6MDA6MDAifQ%3D%3D; member=eyJ1aWQiOjE4MCwidXNlcm5hbWUiOiIxODY1OTY1MjAyOCIsImdlbmRlciI6MCwicGFyZW50X3VpZCI6MCwiZXhwZXJpZW5jZV92YWx1ZSI6IjAuMDAiLCJsZXZlbCI6MSwiaW52aXRhdGlvbl9jb2RlIjpudWxsLCJvYXRoX3R5cGUiOjAsIm9wZW5pZCI6bnVsbCwiY3JlZGl0MSI6Ijk4NC4wMCIsImNyZWRpdDIiOiIwLjgwIiwicGFzc3dvcmQiOiI3ZWNiYWEzZjVmYjczZDNmMmQ3ZGVlYmZkNzdlYzlkYyIsInNhbHQiOiJGMkg5MXgwSCIsImF2YXRhciI6bnVsbCwiZW1haWwiOiIiLCJpc19iaW5kX2VtYWlsIjowLCJhbGlwYXlfYWNjb3VudCI6bnVsbCwiYWxpcGF5X3JlYWxuYW1lIjpudWxsLCJpc19iaW5kX2FsaXBheSI6MCwibW9iaWxlIjpudWxsLCJpc19iaW5kX21vYmlsZSI6MCwiY2hhbm5lbF9pZCI6MCwiY2hhbm5lbF9uYW1lIjpudWxsLCJjaGFubmVsX2Rlc2MiOm51bGwsImlzX2JpbmRfY2hhbm5lbCI6MCwiaXNfY2hlY2siOjEsImlzX2RlbCI6MCwiaW52aXRlX3RvdGFsIjoxLCJpbnZpdGVfcmViYXRlIjoiMC4wMCIsInNpZ24iOiIiLCJzaWduX2NvbnRpbnVlIjoyLCJ1cGRhdGVfdGltZSI6IjIwMjAtMDEtMDcgMTc6MjY6MzgiLCJjcmVhdGVfdGltZSI6IjIwMjAtMDEtMDIgMTY6MTk6NDcifQ%3D%3D',
)
[ info ] [ PARAM ] array (
  '/static/home/mobile/js/lightbox_min_map' => '',
  'js' => 'lightbox.min.map',
)
[ info ] [ LOG ] INIT File
---------------------------------------------------------------
[ 2020-01-07T19:25:11+08:00 ] 0.0.0.0 GET /static/home/mobile/css/bootstrap.css.map
[ info ] localhost/static/home/mobile/css/bootstrap.css.map [运行时间：0.068497s][吞吐率：14.60req/s] [内存消耗：1,557.72kb] [文件加载：41]
[ info ] [ LANG ] D:\BaiduYunDownload\weike2\thinkphp\lang\zh-cn.php
[ info ] [ ROUTE ] array (
  'type' => 'module',
  'module' => 
  array (
    0 => 'static',
    1 => 'home',
    2 => 'mobile',
  ),
)
[ info ] [ HEADER ] array (
  'host' => 'localhost',
  'connection' => 'keep-alive',
  'user-agent' => 'Mozilla/5.0 (Linux; Android 5.0; SM-G900P Build/LRX21T) AppleWebKit/537.36 (KHTML, like Gecko) Chrome/79.0.3945.88 Mobile Safari/537.36',
  'sec-fetch-site' => 'none',
  'sec-fetch-mode' => 'no-cors',
  'accept-encoding' => 'gzip, deflate, br',
  'accept-language' => 'zh-CN,zh;q=0.9',
  'cookie' => 'XDEBUG_SESSION=XDEBUG_ECLIPSE; bdshare_firstime=1577962828334; PHPSESSID=tu58b2hcach26cs79s9ovhiubo; administrator=eyJpZCI6MSwidXNlcm5hbWUiOiJhZG1pbiIsInBhc3N3b3JkIjoiY2VmMThiYWQ5ZDEwYmQ5ZWIxZDE1MzBjOGI1YjlkZTQiLCJzYWx0IjoielNlU3M3UTAiLCJnZW5kZXIiOjAsImxldmVsIjowLCJiaXJ0aGRheSI6MCwibmlja25hbWUiOiIiLCJtb2JpbGUiOiIiLCJlbWFpbCI6IiIsImF2YXRhciI6IiIsImlzX2NoZWNrIjoxLCJsYXN0X2xvZ2luX2lwIjoiIiwibGFzdF9sb2dpbl90aW1lIjowLCJ1cGRhdGVfdGltZSI6IjIwMjAtMDEtMDIgMTc6MTQ6MDkiLCJjcmVhdGVfdGltZSI6IjE5NzAtMDEtMDEgMDg6MDA6MDAifQ%3D%3D; member=eyJ1aWQiOjE4MCwidXNlcm5hbWUiOiIxODY1OTY1MjAyOCIsImdlbmRlciI6MCwicGFyZW50X3VpZCI6MCwiZXhwZXJpZW5jZV92YWx1ZSI6IjAuMDAiLCJsZXZlbCI6MSwiaW52aXRhdGlvbl9jb2RlIjpudWxsLCJvYXRoX3R5cGUiOjAsIm9wZW5pZCI6bnVsbCwiY3JlZGl0MSI6Ijk4NC4wMCIsImNyZWRpdDIiOiIwLjgwIiwicGFzc3dvcmQiOiI3ZWNiYWEzZjVmYjczZDNmMmQ3ZGVlYmZkNzdlYzlkYyIsInNhbHQiOiJGMkg5MXgwSCIsImF2YXRhciI6bnVsbCwiZW1haWwiOiIiLCJpc19iaW5kX2VtYWlsIjowLCJhbGlwYXlfYWNjb3VudCI6bnVsbCwiYWxpcGF5X3JlYWxuYW1lIjpudWxsLCJpc19iaW5kX2FsaXBheSI6MCwibW9iaWxlIjpudWxsLCJpc19iaW5kX21vYmlsZSI6MCwiY2hhbm5lbF9pZCI6MCwiY2hhbm5lbF9uYW1lIjpudWxsLCJjaGFubmVsX2Rlc2MiOm51bGwsImlzX2JpbmRfY2hhbm5lbCI6MCwiaXNfY2hlY2siOjEsImlzX2RlbCI6MCwiaW52aXRlX3RvdGFsIjoxLCJpbnZpdGVfcmViYXRlIjoiMC4wMCIsInNpZ24iOiIiLCJzaWduX2NvbnRpbnVlIjoyLCJ1cGRhdGVfdGltZSI6IjIwMjAtMDEtMDcgMTc6MjY6MzgiLCJjcmVhdGVfdGltZSI6IjIwMjAtMDEtMDIgMTY6MTk6NDcifQ%3D%3D',
)
[ info ] [ PARAM ] array (
  '/static/home/mobile/css/bootstrap_css_map' => '',
  'css' => 'bootstrap.css.map',
)
[ info ] [ LOG ] INIT File
---------------------------------------------------------------
[ 2020-01-07T19:25:11+08:00 ] 0.0.0.0 GET /static/home/mobile/js/maps/swiper.min.js.map
[ info ] localhost/static/home/mobile/js/maps/swiper.min.js.map [运行时间：0.059105s][吞吐率：16.92req/s] [内存消耗：1,557.69kb] [文件加载：41]
[ info ] [ LANG ] D:\BaiduYunDownload\weike2\thinkphp\lang\zh-cn.php
[ info ] [ ROUTE ] array (
  'type' => 'module',
  'module' => 
  array (
    0 => 'static',
    1 => 'home',
    2 => 'mobile',
  ),
)
[ info ] [ HEADER ] array (
  'host' => 'localhost',
  'connection' => 'keep-alive',
  'user-agent' => 'Mozilla/5.0 (Linux; Android 5.0; SM-G900P Build/LRX21T) AppleWebKit/537.36 (KHTML, like Gecko) Chrome/79.0.3945.88 Mobile Safari/537.36',
  'sec-fetch-site' => 'none',
  'sec-fetch-mode' => 'no-cors',
  'accept-encoding' => 'gzip, deflate, br',
  'accept-language' => 'zh-CN,zh;q=0.9',
  'cookie' => 'XDEBUG_SESSION=XDEBUG_ECLIPSE; bdshare_firstime=1577962828334; PHPSESSID=tu58b2hcach26cs79s9ovhiubo; administrator=eyJpZCI6MSwidXNlcm5hbWUiOiJhZG1pbiIsInBhc3N3b3JkIjoiY2VmMThiYWQ5ZDEwYmQ5ZWIxZDE1MzBjOGI1YjlkZTQiLCJzYWx0IjoielNlU3M3UTAiLCJnZW5kZXIiOjAsImxldmVsIjowLCJiaXJ0aGRheSI6MCwibmlja25hbWUiOiIiLCJtb2JpbGUiOiIiLCJlbWFpbCI6IiIsImF2YXRhciI6IiIsImlzX2NoZWNrIjoxLCJsYXN0X2xvZ2luX2lwIjoiIiwibGFzdF9sb2dpbl90aW1lIjowLCJ1cGRhdGVfdGltZSI6IjIwMjAtMDEtMDIgMTc6MTQ6MDkiLCJjcmVhdGVfdGltZSI6IjE5NzAtMDEtMDEgMDg6MDA6MDAifQ%3D%3D; member=eyJ1aWQiOjE4MCwidXNlcm5hbWUiOiIxODY1OTY1MjAyOCIsImdlbmRlciI6MCwicGFyZW50X3VpZCI6MCwiZXhwZXJpZW5jZV92YWx1ZSI6IjAuMDAiLCJsZXZlbCI6MSwiaW52aXRhdGlvbl9jb2RlIjpudWxsLCJvYXRoX3R5cGUiOjAsIm9wZW5pZCI6bnVsbCwiY3JlZGl0MSI6Ijk4NC4wMCIsImNyZWRpdDIiOiIwLjgwIiwicGFzc3dvcmQiOiI3ZWNiYWEzZjVmYjczZDNmMmQ3ZGVlYmZkNzdlYzlkYyIsInNhbHQiOiJGMkg5MXgwSCIsImF2YXRhciI6bnVsbCwiZW1haWwiOiIiLCJpc19iaW5kX2VtYWlsIjowLCJhbGlwYXlfYWNjb3VudCI6bnVsbCwiYWxpcGF5X3JlYWxuYW1lIjpudWxsLCJpc19iaW5kX2FsaXBheSI6MCwibW9iaWxlIjpudWxsLCJpc19iaW5kX21vYmlsZSI6MCwiY2hhbm5lbF9pZCI6MCwiY2hhbm5lbF9uYW1lIjpudWxsLCJjaGFubmVsX2Rlc2MiOm51bGwsImlzX2JpbmRfY2hhbm5lbCI6MCwiaXNfY2hlY2siOjEsImlzX2RlbCI6MCwiaW52aXRlX3RvdGFsIjoxLCJpbnZpdGVfcmViYXRlIjoiMC4wMCIsInNpZ24iOiIiLCJzaWduX2NvbnRpbnVlIjoyLCJ1cGRhdGVfdGltZSI6IjIwMjAtMDEtMDcgMTc6MjY6MzgiLCJjcmVhdGVfdGltZSI6IjIwMjAtMDEtMDIgMTY6MTk6NDcifQ%3D%3D',
)
[ info ] [ PARAM ] array (
  '/static/home/mobile/js/maps/swiper_min_js_map' => '',
  'js' => 'maps',
)
[ info ] [ LOG ] INIT File
---------------------------------------------------------------
[ 2020-01-07T19:25:12+08:00 ] 0.0.0.0 GET /home/index.html
[ info ] localhost/home/index.html [运行时间：0.420280s][吞吐率：2.38req/s] [内存消耗：3,304.99kb] [文件加载：68]
[ info ] [ LANG ] D:\BaiduYunDownload\weike2\thinkphp\lang\zh-cn.php
[ info ] [ ROUTE ] array (
  'type' => 'module',
  'module' => 
  array (
    0 => 'home',
    1 => 'index',
    2 => NULL,
  ),
)
[ info ] [ HEADER ] array (
  'host' => 'localhost',
  'connection' => 'keep-alive',
  'upgrade-insecure-requests' => '1',
  'user-agent' => 'Mozilla/5.0 (Linux; Android 5.0; SM-G900P Build/LRX21T) AppleWebKit/537.36 (KHTML, like Gecko) Chrome/79.0.3945.88 Mobile Safari/537.36',
  'sec-fetch-user' => '?1',
  'accept' => 'text/html,application/xhtml+xml,application/xml;q=0.9,image/webp,image/apng,*/*;q=0.8,application/signed-exchange;v=b3;q=0.9',
  'sec-fetch-site' => 'same-origin',
  'sec-fetch-mode' => 'navigate',
  'referer' => 'http://localhost/home/task/detail/id/45.html',
  'accept-encoding' => 'gzip, deflate, br',
  'accept-language' => 'zh-CN,zh;q=0.9',
  'cookie' => 'XDEBUG_SESSION=XDEBUG_ECLIPSE; bdshare_firstime=1577962828334; PHPSESSID=tu58b2hcach26cs79s9ovhiubo; administrator=eyJpZCI6MSwidXNlcm5hbWUiOiJhZG1pbiIsInBhc3N3b3JkIjoiY2VmMThiYWQ5ZDEwYmQ5ZWIxZDE1MzBjOGI1YjlkZTQiLCJzYWx0IjoielNlU3M3UTAiLCJnZW5kZXIiOjAsImxldmVsIjowLCJiaXJ0aGRheSI6MCwibmlja25hbWUiOiIiLCJtb2JpbGUiOiIiLCJlbWFpbCI6IiIsImF2YXRhciI6IiIsImlzX2NoZWNrIjoxLCJsYXN0X2xvZ2luX2lwIjoiIiwibGFzdF9sb2dpbl90aW1lIjowLCJ1cGRhdGVfdGltZSI6IjIwMjAtMDEtMDIgMTc6MTQ6MDkiLCJjcmVhdGVfdGltZSI6IjE5NzAtMDEtMDEgMDg6MDA6MDAifQ%3D%3D; member=eyJ1aWQiOjE4MCwidXNlcm5hbWUiOiIxODY1OTY1MjAyOCIsImdlbmRlciI6MCwicGFyZW50X3VpZCI6MCwiZXhwZXJpZW5jZV92YWx1ZSI6IjAuMDAiLCJsZXZlbCI6MSwiaW52aXRhdGlvbl9jb2RlIjpudWxsLCJvYXRoX3R5cGUiOjAsIm9wZW5pZCI6bnVsbCwiY3JlZGl0MSI6Ijk4NC4wMCIsImNyZWRpdDIiOiIwLjgwIiwicGFzc3dvcmQiOiI3ZWNiYWEzZjVmYjczZDNmMmQ3ZGVlYmZkNzdlYzlkYyIsInNhbHQiOiJGMkg5MXgwSCIsImF2YXRhciI6bnVsbCwiZW1haWwiOiIiLCJpc19iaW5kX2VtYWlsIjowLCJhbGlwYXlfYWNjb3VudCI6bnVsbCwiYWxpcGF5X3JlYWxuYW1lIjpudWxsLCJpc19iaW5kX2FsaXBheSI6MCwibW9iaWxlIjpudWxsLCJpc19iaW5kX21vYmlsZSI6MCwiY2hhbm5lbF9pZCI6MCwiY2hhbm5lbF9uYW1lIjpudWxsLCJjaGFubmVsX2Rlc2MiOm51bGwsImlzX2JpbmRfY2hhbm5lbCI6MCwiaXNfY2hlY2siOjEsImlzX2RlbCI6MCwiaW52aXRlX3RvdGFsIjoxLCJpbnZpdGVfcmViYXRlIjoiMC4wMCIsInNpZ24iOiIiLCJzaWduX2NvbnRpbnVlIjoyLCJ1cGRhdGVfdGltZSI6IjIwMjAtMDEtMDcgMTc6MjY6MzgiLCJjcmVhdGVfdGltZSI6IjIwMjAtMDEtMDIgMTY6MTk6NDcifQ%3D%3D',
)
[ info ] [ PARAM ] array (
  '/home/index_html' => '',
)
[ info ] [ DB ] INIT mysql
[ info ] [ RUN ] app\home\controller\Index->index[ D:\BaiduYunDownload\weike2\app\home\controller\Index.php ]
[ info ] [ VIEW ] ./views/home/mobile/index\index.phtml [ array (
  0 => 'controller',
  1 => 'action',
  2 => 'site',
  3 => 'member',
  4 => 'categories',
  5 => 'banners',
  6 => 'notices',
  7 => 'withdraws',
  8 => 'today_credit1',
  9 => 'today_credit2',
  10 => 'tasks',
  11 => 'pageCount',
) ]
[ info ] [ LOG ] INIT File
[ sql ] [ DB ] CONNECT:[ UseTime:0.001782s ] mysql:host=localhost;dbname=web32;charset=utf8
[ sql ] [ SQL ] SHOW COLUMNS FROM `tb_config` [ RunTime:0.040316s ]
[ sql ] [ SQL ] SELECT * FROM `tb_config` ORDER BY `create_time`  desc LIMIT 1 [ RunTime:0.001015s ]
[ sql ] [ SQL ] SHOW COLUMNS FROM `tb_member` [ RunTime:0.031419s ]
[ sql ] [ SQL ] SELECT * FROM `tb_member` WHERE  `uid` = 180 LIMIT 1 [ RunTime:0.001331s ]
[ sql ] [ SQL ] SHOW COLUMNS FROM `tb_task_category` [ RunTime:0.016368s ]
[ sql ] [ SQL ] SELECT * FROM `tb_task_category` ORDER BY order_by desc LIMIT 0,100 [ RunTime:0.000692s ]
[ sql ] [ SQL ] SELECT SUM((give_credit2-fee)/ticket_num) AS credit2,SUM(give_credit1/ticket_num) AS credit1 FROM tb_task WHERE is_complete=0 AND is_display=1 AND check_period*3600+create_time<1578396312 AND start_time<1578396312 AND end_time>1578396312 [ RunTime:0.001013s ]
[ sql ] [ SQL ] SHOW COLUMNS FROM `tb_banner` [ RunTime:0.015350s ]
[ sql ] [ SQL ] SELECT * FROM `tb_banner` WHERE  `is_display` = 1 ORDER BY order_by desc LIMIT 10 [ RunTime:0.001186s ]
[ sql ] [ SQL ] SHOW COLUMNS FROM `tb_notice` [ RunTime:0.014772s ]
[ sql ] [ SQL ] SELECT * FROM `tb_notice` WHERE  `is_display` = 1 ORDER BY order_by desc,id desc LIMIT 10 [ RunTime:0.001085s ]
[ sql ] [ SQL ] SHOW COLUMNS FROM `tb_withdraw` [ RunTime:0.027975s ]
[ sql ] [ SQL ] SELECT * FROM `tb_withdraw` WHERE  `status` = 1 ORDER BY id DESC LIMIT 0,10 [ RunTime:0.001181s ]
[ sql ] [ SQL ] SELECT * FROM tb_task WHERE is_complete=0 AND is_display=1 AND check_period_time<1578396312 AND start_time<1578396312 AND end_time>1578396312 ORDER BY top_end_time DESC, end_time ASC, id DESC LIMIT 0,15 [ RunTime:0.001092s ]
[ sql ] [ SQL ] SELECT COUNT(1) AS num FROM tb_task WHERE is_complete=0 AND is_display=1 AND check_period_time<1578396312 AND start_time<1578396312 AND end_time>1578396312 [ RunTime:0.000620s ]
---------------------------------------------------------------
[ 2020-01-07T19:25:14+08:00 ] 0.0.0.0 GET /static/home/mobile/css/bootstrap.css.map
[ info ] localhost/static/home/mobile/css/bootstrap.css.map [运行时间：0.058471s][吞吐率：17.10req/s] [内存消耗：1,557.72kb] [文件加载：41]
[ info ] [ LANG ] D:\BaiduYunDownload\weike2\thinkphp\lang\zh-cn.php
[ info ] [ ROUTE ] array (
  'type' => 'module',
  'module' => 
  array (
    0 => 'static',
    1 => 'home',
    2 => 'mobile',
  ),
)
[ info ] [ HEADER ] array (
  'host' => 'localhost',
  'connection' => 'keep-alive',
  'user-agent' => 'Mozilla/5.0 (Linux; Android 5.0; SM-G900P Build/LRX21T) AppleWebKit/537.36 (KHTML, like Gecko) Chrome/79.0.3945.88 Mobile Safari/537.36',
  'sec-fetch-site' => 'none',
  'sec-fetch-mode' => 'no-cors',
  'accept-encoding' => 'gzip, deflate, br',
  'accept-language' => 'zh-CN,zh;q=0.9',
  'cookie' => 'XDEBUG_SESSION=XDEBUG_ECLIPSE; bdshare_firstime=1577962828334; PHPSESSID=tu58b2hcach26cs79s9ovhiubo; administrator=eyJpZCI6MSwidXNlcm5hbWUiOiJhZG1pbiIsInBhc3N3b3JkIjoiY2VmMThiYWQ5ZDEwYmQ5ZWIxZDE1MzBjOGI1YjlkZTQiLCJzYWx0IjoielNlU3M3UTAiLCJnZW5kZXIiOjAsImxldmVsIjowLCJiaXJ0aGRheSI6MCwibmlja25hbWUiOiIiLCJtb2JpbGUiOiIiLCJlbWFpbCI6IiIsImF2YXRhciI6IiIsImlzX2NoZWNrIjoxLCJsYXN0X2xvZ2luX2lwIjoiIiwibGFzdF9sb2dpbl90aW1lIjowLCJ1cGRhdGVfdGltZSI6IjIwMjAtMDEtMDIgMTc6MTQ6MDkiLCJjcmVhdGVfdGltZSI6IjE5NzAtMDEtMDEgMDg6MDA6MDAifQ%3D%3D; member=eyJ1aWQiOjE4MCwidXNlcm5hbWUiOiIxODY1OTY1MjAyOCIsImdlbmRlciI6MCwicGFyZW50X3VpZCI6MCwiZXhwZXJpZW5jZV92YWx1ZSI6IjAuMDAiLCJsZXZlbCI6MSwiaW52aXRhdGlvbl9jb2RlIjpudWxsLCJvYXRoX3R5cGUiOjAsIm9wZW5pZCI6bnVsbCwiY3JlZGl0MSI6Ijk4NC4wMCIsImNyZWRpdDIiOiIwLjgwIiwicGFzc3dvcmQiOiI3ZWNiYWEzZjVmYjczZDNmMmQ3ZGVlYmZkNzdlYzlkYyIsInNhbHQiOiJGMkg5MXgwSCIsImF2YXRhciI6bnVsbCwiZW1haWwiOiIiLCJpc19iaW5kX2VtYWlsIjowLCJhbGlwYXlfYWNjb3VudCI6bnVsbCwiYWxpcGF5X3JlYWxuYW1lIjpudWxsLCJpc19iaW5kX2FsaXBheSI6MCwibW9iaWxlIjpudWxsLCJpc19iaW5kX21vYmlsZSI6MCwiY2hhbm5lbF9pZCI6MCwiY2hhbm5lbF9uYW1lIjpudWxsLCJjaGFubmVsX2Rlc2MiOm51bGwsImlzX2JpbmRfY2hhbm5lbCI6MCwiaXNfY2hlY2siOjEsImlzX2RlbCI6MCwiaW52aXRlX3RvdGFsIjoxLCJpbnZpdGVfcmViYXRlIjoiMC4wMCIsInNpZ24iOiIiLCJzaWduX2NvbnRpbnVlIjoyLCJ1cGRhdGVfdGltZSI6IjIwMjAtMDEtMDcgMTc6MjY6MzgiLCJjcmVhdGVfdGltZSI6IjIwMjAtMDEtMDIgMTY6MTk6NDcifQ%3D%3D',
)
[ info ] [ PARAM ] array (
  '/static/home/mobile/css/bootstrap_css_map' => '',
  'css' => 'bootstrap.css.map',
)
[ info ] [ LOG ] INIT File
---------------------------------------------------------------
[ 2020-01-07T19:25:15+08:00 ] 0.0.0.0 GET /static/home/mobile/js/maps/swiper.min.js.map
[ info ] localhost/static/home/mobile/js/maps/swiper.min.js.map [运行时间：0.075055s][吞吐率：13.32req/s] [内存消耗：1,557.69kb] [文件加载：41]
[ info ] [ LANG ] D:\BaiduYunDownload\weike2\thinkphp\lang\zh-cn.php
[ info ] [ ROUTE ] array (
  'type' => 'module',
  'module' => 
  array (
    0 => 'static',
    1 => 'home',
    2 => 'mobile',
  ),
)
[ info ] [ HEADER ] array (
  'host' => 'localhost',
  'connection' => 'keep-alive',
  'user-agent' => 'Mozilla/5.0 (Linux; Android 5.0; SM-G900P Build/LRX21T) AppleWebKit/537.36 (KHTML, like Gecko) Chrome/79.0.3945.88 Mobile Safari/537.36',
  'sec-fetch-site' => 'none',
  'sec-fetch-mode' => 'no-cors',
  'accept-encoding' => 'gzip, deflate, br',
  'accept-language' => 'zh-CN,zh;q=0.9',
  'cookie' => 'XDEBUG_SESSION=XDEBUG_ECLIPSE; bdshare_firstime=1577962828334; PHPSESSID=tu58b2hcach26cs79s9ovhiubo; administrator=eyJpZCI6MSwidXNlcm5hbWUiOiJhZG1pbiIsInBhc3N3b3JkIjoiY2VmMThiYWQ5ZDEwYmQ5ZWIxZDE1MzBjOGI1YjlkZTQiLCJzYWx0IjoielNlU3M3UTAiLCJnZW5kZXIiOjAsImxldmVsIjowLCJiaXJ0aGRheSI6MCwibmlja25hbWUiOiIiLCJtb2JpbGUiOiIiLCJlbWFpbCI6IiIsImF2YXRhciI6IiIsImlzX2NoZWNrIjoxLCJsYXN0X2xvZ2luX2lwIjoiIiwibGFzdF9sb2dpbl90aW1lIjowLCJ1cGRhdGVfdGltZSI6IjIwMjAtMDEtMDIgMTc6MTQ6MDkiLCJjcmVhdGVfdGltZSI6IjE5NzAtMDEtMDEgMDg6MDA6MDAifQ%3D%3D; member=eyJ1aWQiOjE4MCwidXNlcm5hbWUiOiIxODY1OTY1MjAyOCIsImdlbmRlciI6MCwicGFyZW50X3VpZCI6MCwiZXhwZXJpZW5jZV92YWx1ZSI6IjAuMDAiLCJsZXZlbCI6MSwiaW52aXRhdGlvbl9jb2RlIjpudWxsLCJvYXRoX3R5cGUiOjAsIm9wZW5pZCI6bnVsbCwiY3JlZGl0MSI6Ijk4NC4wMCIsImNyZWRpdDIiOiIwLjgwIiwicGFzc3dvcmQiOiI3ZWNiYWEzZjVmYjczZDNmMmQ3ZGVlYmZkNzdlYzlkYyIsInNhbHQiOiJGMkg5MXgwSCIsImF2YXRhciI6bnVsbCwiZW1haWwiOiIiLCJpc19iaW5kX2VtYWlsIjowLCJhbGlwYXlfYWNjb3VudCI6bnVsbCwiYWxpcGF5X3JlYWxuYW1lIjpudWxsLCJpc19iaW5kX2FsaXBheSI6MCwibW9iaWxlIjpudWxsLCJpc19iaW5kX21vYmlsZSI6MCwiY2hhbm5lbF9pZCI6MCwiY2hhbm5lbF9uYW1lIjpudWxsLCJjaGFubmVsX2Rlc2MiOm51bGwsImlzX2JpbmRfY2hhbm5lbCI6MCwiaXNfY2hlY2siOjEsImlzX2RlbCI6MCwiaW52aXRlX3RvdGFsIjoxLCJpbnZpdGVfcmViYXRlIjoiMC4wMCIsInNpZ24iOiIiLCJzaWduX2NvbnRpbnVlIjoyLCJ1cGRhdGVfdGltZSI6IjIwMjAtMDEtMDcgMTc6MjY6MzgiLCJjcmVhdGVfdGltZSI6IjIwMjAtMDEtMDIgMTY6MTk6NDcifQ%3D%3D',
)
[ info ] [ PARAM ] array (
  '/static/home/mobile/js/maps/swiper_min_js_map' => '',
  'js' => 'maps',
)
[ info ] [ LOG ] INIT File
---------------------------------------------------------------
[ 2020-01-07T19:25:25+08:00 ] 0.0.0.0 GET /admin/index/uploads.html
[ info ] localhost/admin/index/uploads.html [运行时间：0.743882s][吞吐率：1.34req/s] [内存消耗：3,647.81kb] [文件加载：70]
[ info ] [ LANG ] D:\BaiduYunDownload\weike2\thinkphp\lang\zh-cn.php
[ info ] [ ROUTE ] array (
  'type' => 'module',
  'module' => 
  array (
    0 => 'admin',
    1 => 'index',
    2 => 'uploads',
  ),
)
[ info ] [ HEADER ] array (
  'host' => 'localhost',
  'connection' => 'keep-alive',
  'cache-control' => 'max-age=0',
  'upgrade-insecure-requests' => '1',
  'user-agent' => 'Mozilla/5.0 (Windows NT 10.0; Win64; x64) AppleWebKit/537.36 (KHTML, like Gecko) Chrome/79.0.3945.88 Safari/537.36',
  'sec-fetch-user' => '?1',
  'accept' => 'text/html,application/xhtml+xml,application/xml;q=0.9,image/webp,image/apng,*/*;q=0.8,application/signed-exchange;v=b3;q=0.9',
  'sec-fetch-site' => 'same-origin',
  'sec-fetch-mode' => 'navigate',
  'referer' => 'http://localhost/admin/index/index.html',
  'accept-encoding' => 'gzip, deflate, br',
  'accept-language' => 'zh-CN,zh;q=0.9',
  'cookie' => 'XDEBUG_SESSION=XDEBUG_ECLIPSE; bdshare_firstime=1577962828334; PHPSESSID=tu58b2hcach26cs79s9ovhiubo; administrator=eyJpZCI6MSwidXNlcm5hbWUiOiJhZG1pbiIsInBhc3N3b3JkIjoiY2VmMThiYWQ5ZDEwYmQ5ZWIxZDE1MzBjOGI1YjlkZTQiLCJzYWx0IjoielNlU3M3UTAiLCJnZW5kZXIiOjAsImxldmVsIjowLCJiaXJ0aGRheSI6MCwibmlja25hbWUiOiIiLCJtb2JpbGUiOiIiLCJlbWFpbCI6IiIsImF2YXRhciI6IiIsImlzX2NoZWNrIjoxLCJsYXN0X2xvZ2luX2lwIjoiIiwibGFzdF9sb2dpbl90aW1lIjowLCJ1cGRhdGVfdGltZSI6IjIwMjAtMDEtMDIgMTc6MTQ6MDkiLCJjcmVhdGVfdGltZSI6IjE5NzAtMDEtMDEgMDg6MDA6MDAifQ%3D%3D; member=eyJ1aWQiOjE4MCwidXNlcm5hbWUiOiIxODY1OTY1MjAyOCIsImdlbmRlciI6MCwicGFyZW50X3VpZCI6MCwiZXhwZXJpZW5jZV92YWx1ZSI6IjAuMDAiLCJsZXZlbCI6MSwiaW52aXRhdGlvbl9jb2RlIjpudWxsLCJvYXRoX3R5cGUiOjAsIm9wZW5pZCI6bnVsbCwiY3JlZGl0MSI6Ijk4NC4wMCIsImNyZWRpdDIiOiIwLjgwIiwicGFzc3dvcmQiOiI3ZWNiYWEzZjVmYjczZDNmMmQ3ZGVlYmZkNzdlYzlkYyIsInNhbHQiOiJGMkg5MXgwSCIsImF2YXRhciI6bnVsbCwiZW1haWwiOiIiLCJpc19iaW5kX2VtYWlsIjowLCJhbGlwYXlfYWNjb3VudCI6bnVsbCwiYWxpcGF5X3JlYWxuYW1lIjpudWxsLCJpc19iaW5kX2FsaXBheSI6MCwibW9iaWxlIjpudWxsLCJpc19iaW5kX21vYmlsZSI6MCwiY2hhbm5lbF9pZCI6MCwiY2hhbm5lbF9uYW1lIjpudWxsLCJjaGFubmVsX2Rlc2MiOm51bGwsImlzX2JpbmRfY2hhbm5lbCI6MCwiaXNfY2hlY2siOjEsImlzX2RlbCI6MCwiaW52aXRlX3RvdGFsIjoxLCJpbnZpdGVfcmViYXRlIjoiMC4wMCIsInNpZ24iOiIiLCJzaWduX2NvbnRpbnVlIjoyLCJ1cGRhdGVfdGltZSI6IjIwMjAtMDEtMDcgMTc6MjY6MzgiLCJjcmVhdGVfdGltZSI6IjIwMjAtMDEtMDIgMTY6MTk6NDcifQ%3D%3D',
)
[ info ] [ PARAM ] array (
  '/admin/index/uploads_html' => '',
)
[ info ] [ CACHE ] INIT File
[ info ] [ DB ] INIT mysql
[ info ] [ RUN ] app\admin\controller\Index->uploads[ D:\BaiduYunDownload\weike2\app\admin\controller\Index.php ]
[ info ] [ VIEW ] ./views/admin/pc/index\uploads.phtml [ array (
  0 => 'controller',
  1 => 'action',
  2 => 'admin',
  3 => 'treeMenu',
  4 => 'list',
  5 => 'pager',
) ]
[ info ] [ LOG ] INIT File
[ sql ] [ DB ] CONNECT:[ UseTime:0.001389s ] mysql:host=localhost;dbname=web32;charset=utf8
[ sql ] [ SQL ] SHOW COLUMNS FROM `tb_auth_rule` [ RunTime:0.033792s ]
[ sql ] [ SQL ] SELECT * FROM `tb_auth_rule` WHERE  `ismenu` = 1  AND `module` = 'admin'  AND `status` = 1 ORDER BY sorts ASC,id ASC [ RunTime:0.001419s ]
[ sql ] [ SQL ] SHOW COLUMNS FROM `tb_auth_group_access` [ RunTime:0.031349s ]
[ sql ] [ SQL ] SELECT * FROM `tb_auth_group_access` `a` INNER JOIN `tb_auth_group` `g` ON `a`.`group_id`=`g`.`id` WHERE  (  a.uid='1' and g.status='1' ) [ RunTime:0.009505s ]
[ sql ] [ SQL ] SELECT * FROM `tb_auth_rule` WHERE  `id` IN (1,2,3,4,5,6,7,8,9,10,23,24,25,26,11,12,15,14,16,17,18,19,20,21,22)  AND `type` = 1  AND `status` = 1 [ RunTime:0.002452s ]
[ sql ] [ SQL ] SHOW COLUMNS FROM `tb_uploads` [ RunTime:0.026410s ]
[ sql ] [ SQL ] SELECT COUNT(*) AS tp_count FROM `tb_uploads` LIMIT 1 [ RunTime:0.001560s ]
[ sql ] [ SQL ] SELECT * FROM `tb_uploads` ORDER BY id desc LIMIT 0,15 [ RunTime:0.000766s ]
---------------------------------------------------------------
[ 2020-01-07T19:25:26+08:00 ] 0.0.0.0 GET /uploads/20200107/b1a4827fa123d6baf4558ccdf576b848.png
[ info ] localhost/uploads/20200107/b1a4827fa123d6baf4558ccdf576b848.png [运行时间：0.065251s][吞吐率：15.33req/s] [内存消耗：1,558.48kb] [文件加载：41]
[ info ] [ LANG ] D:\BaiduYunDownload\weike2\thinkphp\lang\zh-cn.php
[ info ] [ ROUTE ] array (
  'type' => 'module',
  'module' => 
  array (
    0 => 'uploads',
    1 => '20200107',
    2 => 'b1a4827fa123d6baf4558ccdf576b848.png',
  ),
)
[ info ] [ HEADER ] array (
  'host' => 'localhost',
  'connection' => 'keep-alive',
  'if-none-match' => '"2a69d-59b869c49a201"',
  'if-modified-since' => 'Tue, 07 Jan 2020 06:08:53 GMT',
  'user-agent' => 'Mozilla/5.0 (Windows NT 10.0; Win64; x64) AppleWebKit/537.36 (KHTML, like Gecko) Chrome/79.0.3945.88 Safari/537.36',
  'accept' => 'image/webp,image/apng,image/*,*/*;q=0.8',
  'sec-fetch-site' => 'same-origin',
  'sec-fetch-mode' => 'no-cors',
  'referer' => 'http://localhost/admin/index/uploads.html',
  'accept-encoding' => 'gzip, deflate, br',
  'accept-language' => 'zh-CN,zh;q=0.9',
  'cookie' => 'XDEBUG_SESSION=XDEBUG_ECLIPSE; bdshare_firstime=1577962828334; PHPSESSID=tu58b2hcach26cs79s9ovhiubo; administrator=eyJpZCI6MSwidXNlcm5hbWUiOiJhZG1pbiIsInBhc3N3b3JkIjoiY2VmMThiYWQ5ZDEwYmQ5ZWIxZDE1MzBjOGI1YjlkZTQiLCJzYWx0IjoielNlU3M3UTAiLCJnZW5kZXIiOjAsImxldmVsIjowLCJiaXJ0aGRheSI6MCwibmlja25hbWUiOiIiLCJtb2JpbGUiOiIiLCJlbWFpbCI6IiIsImF2YXRhciI6IiIsImlzX2NoZWNrIjoxLCJsYXN0X2xvZ2luX2lwIjoiIiwibGFzdF9sb2dpbl90aW1lIjowLCJ1cGRhdGVfdGltZSI6IjIwMjAtMDEtMDIgMTc6MTQ6MDkiLCJjcmVhdGVfdGltZSI6IjE5NzAtMDEtMDEgMDg6MDA6MDAifQ%3D%3D; member=eyJ1aWQiOjE4MCwidXNlcm5hbWUiOiIxODY1OTY1MjAyOCIsImdlbmRlciI6MCwicGFyZW50X3VpZCI6MCwiZXhwZXJpZW5jZV92YWx1ZSI6IjAuMDAiLCJsZXZlbCI6MSwiaW52aXRhdGlvbl9jb2RlIjpudWxsLCJvYXRoX3R5cGUiOjAsIm9wZW5pZCI6bnVsbCwiY3JlZGl0MSI6Ijk4NC4wMCIsImNyZWRpdDIiOiIwLjgwIiwicGFzc3dvcmQiOiI3ZWNiYWEzZjVmYjczZDNmMmQ3ZGVlYmZkNzdlYzlkYyIsInNhbHQiOiJGMkg5MXgwSCIsImF2YXRhciI6bnVsbCwiZW1haWwiOiIiLCJpc19iaW5kX2VtYWlsIjowLCJhbGlwYXlfYWNjb3VudCI6bnVsbCwiYWxpcGF5X3JlYWxuYW1lIjpudWxsLCJpc19iaW5kX2FsaXBheSI6MCwibW9iaWxlIjpudWxsLCJpc19iaW5kX21vYmlsZSI6MCwiY2hhbm5lbF9pZCI6MCwiY2hhbm5lbF9uYW1lIjpudWxsLCJjaGFubmVsX2Rlc2MiOm51bGwsImlzX2JpbmRfY2hhbm5lbCI6MCwiaXNfY2hlY2siOjEsImlzX2RlbCI6MCwiaW52aXRlX3RvdGFsIjoxLCJpbnZpdGVfcmViYXRlIjoiMC4wMCIsInNpZ24iOiIiLCJzaWduX2NvbnRpbnVlIjoyLCJ1cGRhdGVfdGltZSI6IjIwMjAtMDEtMDcgMTc6MjY6MzgiLCJjcmVhdGVfdGltZSI6IjIwMjAtMDEtMDIgMTY6MTk6NDcifQ%3D%3D',
)
[ info ] [ PARAM ] array (
  '/uploads/20200107/b1a4827fa123d6baf4558ccdf576b848_png' => '',
)
[ info ] [ LOG ] INIT File
---------------------------------------------------------------
[ 2020-01-07T19:25:26+08:00 ] 0.0.0.0 GET /uploads/20200107/18ee4a1e2ea9e246fe17c94ba063cc31.png
[ info ] localhost/uploads/20200107/18ee4a1e2ea9e246fe17c94ba063cc31.png [运行时间：0.058187s][吞吐率：17.19req/s] [内存消耗：1,558.48kb] [文件加载：41]
[ info ] [ LANG ] D:\BaiduYunDownload\weike2\thinkphp\lang\zh-cn.php
[ info ] [ ROUTE ] array (
  'type' => 'module',
  'module' => 
  array (
    0 => 'uploads',
    1 => '20200107',
    2 => '18ee4a1e2ea9e246fe17c94ba063cc31.png',
  ),
)
[ info ] [ HEADER ] array (
  'host' => 'localhost',
  'connection' => 'keep-alive',
  'if-none-match' => '"145c-59b8680ff8361"',
  'if-modified-since' => 'Tue, 07 Jan 2020 06:01:15 GMT',
  'user-agent' => 'Mozilla/5.0 (Windows NT 10.0; Win64; x64) AppleWebKit/537.36 (KHTML, like Gecko) Chrome/79.0.3945.88 Safari/537.36',
  'accept' => 'image/webp,image/apng,image/*,*/*;q=0.8',
  'sec-fetch-site' => 'same-origin',
  'sec-fetch-mode' => 'no-cors',
  'referer' => 'http://localhost/admin/index/uploads.html',
  'accept-encoding' => 'gzip, deflate, br',
  'accept-language' => 'zh-CN,zh;q=0.9',
  'cookie' => 'XDEBUG_SESSION=XDEBUG_ECLIPSE; bdshare_firstime=1577962828334; PHPSESSID=tu58b2hcach26cs79s9ovhiubo; administrator=eyJpZCI6MSwidXNlcm5hbWUiOiJhZG1pbiIsInBhc3N3b3JkIjoiY2VmMThiYWQ5ZDEwYmQ5ZWIxZDE1MzBjOGI1YjlkZTQiLCJzYWx0IjoielNlU3M3UTAiLCJnZW5kZXIiOjAsImxldmVsIjowLCJiaXJ0aGRheSI6MCwibmlja25hbWUiOiIiLCJtb2JpbGUiOiIiLCJlbWFpbCI6IiIsImF2YXRhciI6IiIsImlzX2NoZWNrIjoxLCJsYXN0X2xvZ2luX2lwIjoiIiwibGFzdF9sb2dpbl90aW1lIjowLCJ1cGRhdGVfdGltZSI6IjIwMjAtMDEtMDIgMTc6MTQ6MDkiLCJjcmVhdGVfdGltZSI6IjE5NzAtMDEtMDEgMDg6MDA6MDAifQ%3D%3D; member=eyJ1aWQiOjE4MCwidXNlcm5hbWUiOiIxODY1OTY1MjAyOCIsImdlbmRlciI6MCwicGFyZW50X3VpZCI6MCwiZXhwZXJpZW5jZV92YWx1ZSI6IjAuMDAiLCJsZXZlbCI6MSwiaW52aXRhdGlvbl9jb2RlIjpudWxsLCJvYXRoX3R5cGUiOjAsIm9wZW5pZCI6bnVsbCwiY3JlZGl0MSI6Ijk4NC4wMCIsImNyZWRpdDIiOiIwLjgwIiwicGFzc3dvcmQiOiI3ZWNiYWEzZjVmYjczZDNmMmQ3ZGVlYmZkNzdlYzlkYyIsInNhbHQiOiJGMkg5MXgwSCIsImF2YXRhciI6bnVsbCwiZW1haWwiOiIiLCJpc19iaW5kX2VtYWlsIjowLCJhbGlwYXlfYWNjb3VudCI6bnVsbCwiYWxpcGF5X3JlYWxuYW1lIjpudWxsLCJpc19iaW5kX2FsaXBheSI6MCwibW9iaWxlIjpudWxsLCJpc19iaW5kX21vYmlsZSI6MCwiY2hhbm5lbF9pZCI6MCwiY2hhbm5lbF9uYW1lIjpudWxsLCJjaGFubmVsX2Rlc2MiOm51bGwsImlzX2JpbmRfY2hhbm5lbCI6MCwiaXNfY2hlY2siOjEsImlzX2RlbCI6MCwiaW52aXRlX3RvdGFsIjoxLCJpbnZpdGVfcmViYXRlIjoiMC4wMCIsInNpZ24iOiIiLCJzaWduX2NvbnRpbnVlIjoyLCJ1cGRhdGVfdGltZSI6IjIwMjAtMDEtMDcgMTc6MjY6MzgiLCJjcmVhdGVfdGltZSI6IjIwMjAtMDEtMDIgMTY6MTk6NDcifQ%3D%3D',
)
[ info ] [ PARAM ] array (
  '/uploads/20200107/18ee4a1e2ea9e246fe17c94ba063cc31_png' => '',
)
[ info ] [ LOG ] INIT File
---------------------------------------------------------------
[ 2020-01-07T19:25:29+08:00 ] 0.0.0.0 GET /uploads/20200107/27009d5a12daad8538b735ea6eee198d.png
[ info ] localhost/uploads/20200107/27009d5a12daad8538b735ea6eee198d.png [运行时间：0.055639s][吞吐率：17.97req/s] [内存消耗：1,558.48kb] [文件加载：41]
[ info ] [ LANG ] D:\BaiduYunDownload\weike2\thinkphp\lang\zh-cn.php
[ info ] [ ROUTE ] array (
  'type' => 'module',
  'module' => 
  array (
    0 => 'uploads',
    1 => '20200107',
    2 => '27009d5a12daad8538b735ea6eee198d.png',
  ),
)
[ info ] [ HEADER ] array (
  'host' => 'localhost',
  'connection' => 'keep-alive',
  'if-none-match' => '"4ae2a-59b8648c0ec80"',
  'if-modified-since' => 'Tue, 07 Jan 2020 05:45:32 GMT',
  'user-agent' => 'Mozilla/5.0 (Windows NT 10.0; Win64; x64) AppleWebKit/537.36 (KHTML, like Gecko) Chrome/79.0.3945.88 Safari/537.36',
  'accept' => 'image/webp,image/apng,image/*,*/*;q=0.8',
  'sec-fetch-site' => 'same-origin',
  'sec-fetch-mode' => 'no-cors',
  'referer' => 'http://localhost/admin/index/uploads.html',
  'accept-encoding' => 'gzip, deflate, br',
  'accept-language' => 'zh-CN,zh;q=0.9',
  'cookie' => 'XDEBUG_SESSION=XDEBUG_ECLIPSE; bdshare_firstime=1577962828334; PHPSESSID=tu58b2hcach26cs79s9ovhiubo; administrator=eyJpZCI6MSwidXNlcm5hbWUiOiJhZG1pbiIsInBhc3N3b3JkIjoiY2VmMThiYWQ5ZDEwYmQ5ZWIxZDE1MzBjOGI1YjlkZTQiLCJzYWx0IjoielNlU3M3UTAiLCJnZW5kZXIiOjAsImxldmVsIjowLCJiaXJ0aGRheSI6MCwibmlja25hbWUiOiIiLCJtb2JpbGUiOiIiLCJlbWFpbCI6IiIsImF2YXRhciI6IiIsImlzX2NoZWNrIjoxLCJsYXN0X2xvZ2luX2lwIjoiIiwibGFzdF9sb2dpbl90aW1lIjowLCJ1cGRhdGVfdGltZSI6IjIwMjAtMDEtMDIgMTc6MTQ6MDkiLCJjcmVhdGVfdGltZSI6IjE5NzAtMDEtMDEgMDg6MDA6MDAifQ%3D%3D; member=eyJ1aWQiOjE4MCwidXNlcm5hbWUiOiIxODY1OTY1MjAyOCIsImdlbmRlciI6MCwicGFyZW50X3VpZCI6MCwiZXhwZXJpZW5jZV92YWx1ZSI6IjAuMDAiLCJsZXZlbCI6MSwiaW52aXRhdGlvbl9jb2RlIjpudWxsLCJvYXRoX3R5cGUiOjAsIm9wZW5pZCI6bnVsbCwiY3JlZGl0MSI6Ijk4NC4wMCIsImNyZWRpdDIiOiIwLjgwIiwicGFzc3dvcmQiOiI3ZWNiYWEzZjVmYjczZDNmMmQ3ZGVlYmZkNzdlYzlkYyIsInNhbHQiOiJGMkg5MXgwSCIsImF2YXRhciI6bnVsbCwiZW1haWwiOiIiLCJpc19iaW5kX2VtYWlsIjowLCJhbGlwYXlfYWNjb3VudCI6bnVsbCwiYWxpcGF5X3JlYWxuYW1lIjpudWxsLCJpc19iaW5kX2FsaXBheSI6MCwibW9iaWxlIjpudWxsLCJpc19iaW5kX21vYmlsZSI6MCwiY2hhbm5lbF9pZCI6MCwiY2hhbm5lbF9uYW1lIjpudWxsLCJjaGFubmVsX2Rlc2MiOm51bGwsImlzX2JpbmRfY2hhbm5lbCI6MCwiaXNfY2hlY2siOjEsImlzX2RlbCI6MCwiaW52aXRlX3RvdGFsIjoxLCJpbnZpdGVfcmViYXRlIjoiMC4wMCIsInNpZ24iOiIiLCJzaWduX2NvbnRpbnVlIjoyLCJ1cGRhdGVfdGltZSI6IjIwMjAtMDEtMDcgMTc6MjY6MzgiLCJjcmVhdGVfdGltZSI6IjIwMjAtMDEtMDIgMTY6MTk6NDcifQ%3D%3D',
)
[ info ] [ PARAM ] array (
  '/uploads/20200107/27009d5a12daad8538b735ea6eee198d_png' => '',
)
[ info ] [ LOG ] INIT File
---------------------------------------------------------------
[ 2020-01-07T19:25:29+08:00 ] 0.0.0.0 GET /uploads/20200107/7482c9ca1b4f5c2736e54d939eaaf1b0.png
[ info ] localhost/uploads/20200107/7482c9ca1b4f5c2736e54d939eaaf1b0.png [运行时间：0.071335s][吞吐率：14.02req/s] [内存消耗：1,558.48kb] [文件加载：41]
[ info ] [ LANG ] D:\BaiduYunDownload\weike2\thinkphp\lang\zh-cn.php
[ info ] [ ROUTE ] array (
  'type' => 'module',
  'module' => 
  array (
    0 => 'uploads',
    1 => '20200107',
    2 => '7482c9ca1b4f5c2736e54d939eaaf1b0.png',
  ),
)
[ info ] [ HEADER ] array (
  'host' => 'localhost',
  'connection' => 'keep-alive',
  'if-none-match' => '"145c-59b8680ff9acc"',
  'if-modified-since' => 'Tue, 07 Jan 2020 06:01:15 GMT',
  'user-agent' => 'Mozilla/5.0 (Windows NT 10.0; Win64; x64) AppleWebKit/537.36 (KHTML, like Gecko) Chrome/79.0.3945.88 Safari/537.36',
  'accept' => 'image/webp,image/apng,image/*,*/*;q=0.8',
  'sec-fetch-site' => 'same-origin',
  'sec-fetch-mode' => 'no-cors',
  'referer' => 'http://localhost/admin/index/uploads.html',
  'accept-encoding' => 'gzip, deflate, br',
  'accept-language' => 'zh-CN,zh;q=0.9',
  'cookie' => 'XDEBUG_SESSION=XDEBUG_ECLIPSE; bdshare_firstime=1577962828334; PHPSESSID=tu58b2hcach26cs79s9ovhiubo; administrator=eyJpZCI6MSwidXNlcm5hbWUiOiJhZG1pbiIsInBhc3N3b3JkIjoiY2VmMThiYWQ5ZDEwYmQ5ZWIxZDE1MzBjOGI1YjlkZTQiLCJzYWx0IjoielNlU3M3UTAiLCJnZW5kZXIiOjAsImxldmVsIjowLCJiaXJ0aGRheSI6MCwibmlja25hbWUiOiIiLCJtb2JpbGUiOiIiLCJlbWFpbCI6IiIsImF2YXRhciI6IiIsImlzX2NoZWNrIjoxLCJsYXN0X2xvZ2luX2lwIjoiIiwibGFzdF9sb2dpbl90aW1lIjowLCJ1cGRhdGVfdGltZSI6IjIwMjAtMDEtMDIgMTc6MTQ6MDkiLCJjcmVhdGVfdGltZSI6IjE5NzAtMDEtMDEgMDg6MDA6MDAifQ%3D%3D; member=eyJ1aWQiOjE4MCwidXNlcm5hbWUiOiIxODY1OTY1MjAyOCIsImdlbmRlciI6MCwicGFyZW50X3VpZCI6MCwiZXhwZXJpZW5jZV92YWx1ZSI6IjAuMDAiLCJsZXZlbCI6MSwiaW52aXRhdGlvbl9jb2RlIjpudWxsLCJvYXRoX3R5cGUiOjAsIm9wZW5pZCI6bnVsbCwiY3JlZGl0MSI6Ijk4NC4wMCIsImNyZWRpdDIiOiIwLjgwIiwicGFzc3dvcmQiOiI3ZWNiYWEzZjVmYjczZDNmMmQ3ZGVlYmZkNzdlYzlkYyIsInNhbHQiOiJGMkg5MXgwSCIsImF2YXRhciI6bnVsbCwiZW1haWwiOiIiLCJpc19iaW5kX2VtYWlsIjowLCJhbGlwYXlfYWNjb3VudCI6bnVsbCwiYWxpcGF5X3JlYWxuYW1lIjpudWxsLCJpc19iaW5kX2FsaXBheSI6MCwibW9iaWxlIjpudWxsLCJpc19iaW5kX21vYmlsZSI6MCwiY2hhbm5lbF9pZCI6MCwiY2hhbm5lbF9uYW1lIjpudWxsLCJjaGFubmVsX2Rlc2MiOm51bGwsImlzX2JpbmRfY2hhbm5lbCI6MCwiaXNfY2hlY2siOjEsImlzX2RlbCI6MCwiaW52aXRlX3RvdGFsIjoxLCJpbnZpdGVfcmViYXRlIjoiMC4wMCIsInNpZ24iOiIiLCJzaWduX2NvbnRpbnVlIjoyLCJ1cGRhdGVfdGltZSI6IjIwMjAtMDEtMDcgMTc6MjY6MzgiLCJjcmVhdGVfdGltZSI6IjIwMjAtMDEtMDIgMTY6MTk6NDcifQ%3D%3D',
)
[ info ] [ PARAM ] array (
  '/uploads/20200107/7482c9ca1b4f5c2736e54d939eaaf1b0_png' => '',
)
[ info ] [ LOG ] INIT File
---------------------------------------------------------------
[ 2020-01-07T19:25:29+08:00 ] 0.0.0.0 GET /uploads/20200107/7a4a2de7d473b0306863bd48601d8ea5.png
[ info ] localhost/uploads/20200107/7a4a2de7d473b0306863bd48601d8ea5.png [运行时间：0.059978s][吞吐率：16.67req/s] [内存消耗：1,558.48kb] [文件加载：41]
[ info ] [ LANG ] D:\BaiduYunDownload\weike2\thinkphp\lang\zh-cn.php
[ info ] [ ROUTE ] array (
  'type' => 'module',
  'module' => 
  array (
    0 => 'uploads',
    1 => '20200107',
    2 => '7a4a2de7d473b0306863bd48601d8ea5.png',
  ),
)
[ info ] [ HEADER ] array (
  'host' => 'localhost',
  'connection' => 'keep-alive',
  'if-none-match' => '"2a69d-59b8648c0c961"',
  'if-modified-since' => 'Tue, 07 Jan 2020 05:45:32 GMT',
  'user-agent' => 'Mozilla/5.0 (Windows NT 10.0; Win64; x64) AppleWebKit/537.36 (KHTML, like Gecko) Chrome/79.0.3945.88 Safari/537.36',
  'accept' => 'image/webp,image/apng,image/*,*/*;q=0.8',
  'sec-fetch-site' => 'same-origin',
  'sec-fetch-mode' => 'no-cors',
  'referer' => 'http://localhost/admin/index/uploads.html',
  'accept-encoding' => 'gzip, deflate, br',
  'accept-language' => 'zh-CN,zh;q=0.9',
  'cookie' => 'XDEBUG_SESSION=XDEBUG_ECLIPSE; bdshare_firstime=1577962828334; PHPSESSID=tu58b2hcach26cs79s9ovhiubo; administrator=eyJpZCI6MSwidXNlcm5hbWUiOiJhZG1pbiIsInBhc3N3b3JkIjoiY2VmMThiYWQ5ZDEwYmQ5ZWIxZDE1MzBjOGI1YjlkZTQiLCJzYWx0IjoielNlU3M3UTAiLCJnZW5kZXIiOjAsImxldmVsIjowLCJiaXJ0aGRheSI6MCwibmlja25hbWUiOiIiLCJtb2JpbGUiOiIiLCJlbWFpbCI6IiIsImF2YXRhciI6IiIsImlzX2NoZWNrIjoxLCJsYXN0X2xvZ2luX2lwIjoiIiwibGFzdF9sb2dpbl90aW1lIjowLCJ1cGRhdGVfdGltZSI6IjIwMjAtMDEtMDIgMTc6MTQ6MDkiLCJjcmVhdGVfdGltZSI6IjE5NzAtMDEtMDEgMDg6MDA6MDAifQ%3D%3D; member=eyJ1aWQiOjE4MCwidXNlcm5hbWUiOiIxODY1OTY1MjAyOCIsImdlbmRlciI6MCwicGFyZW50X3VpZCI6MCwiZXhwZXJpZW5jZV92YWx1ZSI6IjAuMDAiLCJsZXZlbCI6MSwiaW52aXRhdGlvbl9jb2RlIjpudWxsLCJvYXRoX3R5cGUiOjAsIm9wZW5pZCI6bnVsbCwiY3JlZGl0MSI6Ijk4NC4wMCIsImNyZWRpdDIiOiIwLjgwIiwicGFzc3dvcmQiOiI3ZWNiYWEzZjVmYjczZDNmMmQ3ZGVlYmZkNzdlYzlkYyIsInNhbHQiOiJGMkg5MXgwSCIsImF2YXRhciI6bnVsbCwiZW1haWwiOiIiLCJpc19iaW5kX2VtYWlsIjowLCJhbGlwYXlfYWNjb3VudCI6bnVsbCwiYWxpcGF5X3JlYWxuYW1lIjpudWxsLCJpc19iaW5kX2FsaXBheSI6MCwibW9iaWxlIjpudWxsLCJpc19iaW5kX21vYmlsZSI6MCwiY2hhbm5lbF9pZCI6MCwiY2hhbm5lbF9uYW1lIjpudWxsLCJjaGFubmVsX2Rlc2MiOm51bGwsImlzX2JpbmRfY2hhbm5lbCI6MCwiaXNfY2hlY2siOjEsImlzX2RlbCI6MCwiaW52aXRlX3RvdGFsIjoxLCJpbnZpdGVfcmViYXRlIjoiMC4wMCIsInNpZ24iOiIiLCJzaWduX2NvbnRpbnVlIjoyLCJ1cGRhdGVfdGltZSI6IjIwMjAtMDEtMDcgMTc6MjY6MzgiLCJjcmVhdGVfdGltZSI6IjIwMjAtMDEtMDIgMTY6MTk6NDcifQ%3D%3D',
)
[ info ] [ PARAM ] array (
  '/uploads/20200107/7a4a2de7d473b0306863bd48601d8ea5_png' => '',
)
[ info ] [ LOG ] INIT File
