[2018-08-26 15:10:26][error] [,file:E:\Works\2018\tuiguang.51muma.com\www\extend\wxpay\WxPay.NativePay.php,line:95,function:ERROR,file:E:\Works\2018\tuiguang.51muma.com\www\extend\wxpay\H5pay.php,line:43,function:GetH5PayUrl,file:E:\Works\2018\tuiguang.51muma.com\www\app\home\controller\Recharge.php,line:61,function:pay,function:post,file:E:\Works\2018\tuiguang.51muma.com\www\thinkphp\library\think\App.php,line:343,function:invokeArgs,file:E:\Works\2018\tuiguang.51muma.com\www\thinkphp\library\think\App.php,line:595,function:invokeMethod,file:E:\Works\2018\tuiguang.51muma.com\www\thinkphp\library\think\App.php,line:457,function:module,file:E:\Works\2018\tuiguang.51muma.com\www\thinkphp\library\think\App.php,line:139,function:exec,file:E:\Works\2018\tuiguang.51muma.com\www\thinkphp\start.php,line:19,function:run,file:E:\Works\2018\tuiguang.51muma.com\www\public\index.php,line:15,function:require]{}
[2018-08-26 16:04:25][debug] begin notify
[2018-08-26 16:04:25][debug] call back， return xml:<xml><return_code><![CDATA[FAIL]]></return_code><return_msg><![CDATA[OK]]></return_msg></xml>
[2018-08-26 16:05:17][debug] begin notify
[2018-08-26 16:05:17][debug] call back， return xml:<xml><return_code><![CDATA[FAIL]]></return_code><return_msg><![CDATA[OK]]></return_msg></xml>
[2018-08-26 16:05:37][debug] begin notify
[2018-08-26 16:05:37][debug] call back， return xml:<xml><return_code><![CDATA[FAIL]]></return_code><return_msg><![CDATA[OK]]></return_msg></xml>
[2018-08-26 20:54:47][debug] begin notify
[2018-08-26 20:54:47][debug] call back:{"appid":"wxf460f651c2180087","bank_type":"CFT","cash_fee":"1","fee_type":"CNY","is_subscribe":"N","mch_id":"1447385702","nonce_str":"6r3c9jx6j9g82d4iayku2esmrxb4nwhu","openid":"ona6ywqZEh5R1m4oXr5nVBx6Bp5A","out_trade_no":"19","result_code":"SUCCESS","return_code":"SUCCESS","sign":"6B2B484AEFEBF3A8C9B11193A4F5E5B117813C4A6198EF92D118F5FBDB6689E6","time_end":"20180826205445","total_fee":"1","trade_type":"MWEB","transaction_id":"4200000188201808266225068006"}
[2018-08-26 20:55:03][debug] begin notify
[2018-08-26 20:55:03][debug] call back:{"appid":"wxf460f651c2180087","bank_type":"CFT","cash_fee":"1","fee_type":"CNY","is_subscribe":"N","mch_id":"1447385702","nonce_str":"6r3c9jx6j9g82d4iayku2esmrxb4nwhu","openid":"ona6ywqZEh5R1m4oXr5nVBx6Bp5A","out_trade_no":"19","result_code":"SUCCESS","return_code":"SUCCESS","sign":"6B2B484AEFEBF3A8C9B11193A4F5E5B117813C4A6198EF92D118F5FBDB6689E6","time_end":"20180826205445","total_fee":"1","trade_type":"MWEB","transaction_id":"4200000188201808266225068006"}
[2018-08-26 20:55:18][debug] begin notify
[2018-08-26 20:55:18][debug] call back:{"appid":"wxf460f651c2180087","bank_type":"CFT","cash_fee":"1","fee_type":"CNY","is_subscribe":"N","mch_id":"1447385702","nonce_str":"6r3c9jx6j9g82d4iayku2esmrxb4nwhu","openid":"ona6ywqZEh5R1m4oXr5nVBx6Bp5A","out_trade_no":"19","result_code":"SUCCESS","return_code":"SUCCESS","sign":"6B2B484AEFEBF3A8C9B11193A4F5E5B117813C4A6198EF92D118F5FBDB6689E6","time_end":"20180826205445","total_fee":"1","trade_type":"MWEB","transaction_id":"4200000188201808266225068006"}
[2018-08-26 20:55:48][debug] begin notify
[2018-08-26 20:55:48][debug] call back:{"appid":"wxf460f651c2180087","bank_type":"CFT","cash_fee":"1","fee_type":"CNY","is_subscribe":"N","mch_id":"1447385702","nonce_str":"6r3c9jx6j9g82d4iayku2esmrxb4nwhu","openid":"ona6ywqZEh5R1m4oXr5nVBx6Bp5A","out_trade_no":"19","result_code":"SUCCESS","return_code":"SUCCESS","sign":"6B2B484AEFEBF3A8C9B11193A4F5E5B117813C4A6198EF92D118F5FBDB6689E6","time_end":"20180826205445","total_fee":"1","trade_type":"MWEB","transaction_id":"4200000188201808266225068006"}
[2018-08-26 20:58:49][debug] begin notify
[2018-08-26 20:58:49][debug] call back:{"appid":"wxf460f651c2180087","bank_type":"CFT","cash_fee":"1","fee_type":"CNY","is_subscribe":"N","mch_id":"1447385702","nonce_str":"6r3c9jx6j9g82d4iayku2esmrxb4nwhu","openid":"ona6ywqZEh5R1m4oXr5nVBx6Bp5A","out_trade_no":"19","result_code":"SUCCESS","return_code":"SUCCESS","sign":"6B2B484AEFEBF3A8C9B11193A4F5E5B117813C4A6198EF92D118F5FBDB6689E6","time_end":"20180826205445","total_fee":"1","trade_type":"MWEB","transaction_id":"4200000188201808266225068006"}
[2018-08-26 21:12:00][debug] begin notify
[2018-08-26 21:12:00][debug] call back:{"appid":"wxf460f651c2180087","bank_type":"CFT","cash_fee":"1","fee_type":"CNY","is_subscribe":"N","mch_id":"1447385702","nonce_str":"x57llrwjxvpfa8vq3i6x1kgrjkk37cen","openid":"ona6ywqZEh5R1m4oXr5nVBx6Bp5A","out_trade_no":"20","result_code":"SUCCESS","return_code":"SUCCESS","sign":"F2CB534FE3AA9E311DBA0EF15A45BF4CC79C69A1CA7EF1E87F3145B6E1E6ADBE","time_end":"20180826211158","total_fee":"1","trade_type":"MWEB","transaction_id":"4200000174201808262629624717"}
[2018-08-26 21:12:15][debug] begin notify
[2018-08-26 21:12:15][debug] call back:{"appid":"wxf460f651c2180087","bank_type":"CFT","cash_fee":"1","fee_type":"CNY","is_subscribe":"N","mch_id":"1447385702","nonce_str":"x57llrwjxvpfa8vq3i6x1kgrjkk37cen","openid":"ona6ywqZEh5R1m4oXr5nVBx6Bp5A","out_trade_no":"20","result_code":"SUCCESS","return_code":"SUCCESS","sign":"F2CB534FE3AA9E311DBA0EF15A45BF4CC79C69A1CA7EF1E87F3145B6E1E6ADBE","time_end":"20180826211158","total_fee":"1","trade_type":"MWEB","transaction_id":"4200000174201808262629624717"}
[2018-08-26 21:12:31][debug] begin notify
[2018-08-26 21:12:31][debug] call back:{"appid":"wxf460f651c2180087","bank_type":"CFT","cash_fee":"1","fee_type":"CNY","is_subscribe":"N","mch_id":"1447385702","nonce_str":"x57llrwjxvpfa8vq3i6x1kgrjkk37cen","openid":"ona6ywqZEh5R1m4oXr5nVBx6Bp5A","out_trade_no":"20","result_code":"SUCCESS","return_code":"SUCCESS","sign":"F2CB534FE3AA9E311DBA0EF15A45BF4CC79C69A1CA7EF1E87F3145B6E1E6ADBE","time_end":"20180826211158","total_fee":"1","trade_type":"MWEB","transaction_id":"4200000174201808262629624717"}
[2018-08-26 21:13:01][debug] begin notify
[2018-08-26 21:13:01][debug] call back:{"appid":"wxf460f651c2180087","bank_type":"CFT","cash_fee":"1","fee_type":"CNY","is_subscribe":"N","mch_id":"1447385702","nonce_str":"x57llrwjxvpfa8vq3i6x1kgrjkk37cen","openid":"ona6ywqZEh5R1m4oXr5nVBx6Bp5A","out_trade_no":"20","result_code":"SUCCESS","return_code":"SUCCESS","sign":"F2CB534FE3AA9E311DBA0EF15A45BF4CC79C69A1CA7EF1E87F3145B6E1E6ADBE","time_end":"20180826211158","total_fee":"1","trade_type":"MWEB","transaction_id":"4200000174201808262629624717"}
[2018-08-26 21:16:01][debug] begin notify
[2018-08-26 21:16:01][debug] call back:{"appid":"wxf460f651c2180087","bank_type":"CFT","cash_fee":"1","fee_type":"CNY","is_subscribe":"N","mch_id":"1447385702","nonce_str":"x57llrwjxvpfa8vq3i6x1kgrjkk37cen","openid":"ona6ywqZEh5R1m4oXr5nVBx6Bp5A","out_trade_no":"20","result_code":"SUCCESS","return_code":"SUCCESS","sign":"F2CB534FE3AA9E311DBA0EF15A45BF4CC79C69A1CA7EF1E87F3145B6E1E6ADBE","time_end":"20180826211158","total_fee":"1","trade_type":"MWEB","transaction_id":"4200000174201808262629624717"}
[2018-08-26 21:16:01][debug] query:{"appid":"wxf460f651c2180087","attach":[],"bank_type":"CFT","cash_fee":"1","fee_type":"CNY","is_subscribe":"N","mch_id":"1447385702","nonce_str":"hZ8tjY2pYGLu3iG8","openid":"ona6ywqZEh5R1m4oXr5nVBx6Bp5A","out_trade_no":"20","result_code":"SUCCESS","return_code":"SUCCESS","return_msg":"OK","sign":"958531A508072640A72670992F85B40ECC3761C71EEB93343FEC2EFDCA4435F2","time_end":"20180826211158","total_fee":"1","trade_state":"SUCCESS","trade_state_desc":"\u652f\u4ed8\u6210\u529f","trade_type":"MWEB","transaction_id":"4200000174201808262629624717"}
[2018-08-26 21:16:01][debug] call back， return xml:<xml><return_code><![CDATA[SUCCESS]]></return_code><return_msg><![CDATA[OK]]></return_msg></xml>
[2018-08-26 21:17:03][debug] begin notify
[2018-08-26 21:17:03][debug] call back:{"appid":"wxf460f651c2180087","bank_type":"CFT","cash_fee":"1","fee_type":"CNY","is_subscribe":"N","mch_id":"1447385702","nonce_str":"18irghldrc9ew49zspotqwaq4ngw8jft","openid":"ona6ywqZEh5R1m4oXr5nVBx6Bp5A","out_trade_no":"24","result_code":"SUCCESS","return_code":"SUCCESS","sign":"77A10456BCCFAC7292915FF8107C087AA846923813AAEA4B28D9570090016318","time_end":"20180826211702","total_fee":"1","trade_type":"MWEB","transaction_id":"4200000175201808261692786422"}
[2018-08-26 21:17:03][debug] query:{"appid":"wxf460f651c2180087","attach":[],"bank_type":"CFT","cash_fee":"1","fee_type":"CNY","is_subscribe":"N","mch_id":"1447385702","nonce_str":"SX9KebqzDwFq8ipt","openid":"ona6ywqZEh5R1m4oXr5nVBx6Bp5A","out_trade_no":"24","result_code":"SUCCESS","return_code":"SUCCESS","return_msg":"OK","sign":"B9BB1A14632C7FAEC6A4AA7B9E241F9FB2D24CB3392F98E9E1AC3A7B0F1B7C02","time_end":"20180826211702","total_fee":"1","trade_state":"SUCCESS","trade_state_desc":"\u652f\u4ed8\u6210\u529f","trade_type":"MWEB","transaction_id":"4200000175201808261692786422"}
[2018-08-26 21:17:03][debug] call back， return xml:<xml><return_code><![CDATA[SUCCESS]]></return_code><return_msg><![CDATA[OK]]></return_msg></xml>
[2018-08-26 21:28:51][debug] begin notify
[2018-08-26 21:28:51][debug] call back:{"appid":"wxf460f651c2180087","bank_type":"CFT","cash_fee":"1","fee_type":"CNY","is_subscribe":"N","mch_id":"1447385702","nonce_str":"6r3c9jx6j9g82d4iayku2esmrxb4nwhu","openid":"ona6ywqZEh5R1m4oXr5nVBx6Bp5A","out_trade_no":"19","result_code":"SUCCESS","return_code":"SUCCESS","sign":"6B2B484AEFEBF3A8C9B11193A4F5E5B117813C4A6198EF92D118F5FBDB6689E6","time_end":"20180826205445","total_fee":"1","trade_type":"MWEB","transaction_id":"4200000188201808266225068006"}
[2018-08-26 21:28:51][debug] query:{"appid":"wxf460f651c2180087","attach":[],"bank_type":"CFT","cash_fee":"1","fee_type":"CNY","is_subscribe":"N","mch_id":"1447385702","nonce_str":"Lt1y42Mz6jOpvGQt","openid":"ona6ywqZEh5R1m4oXr5nVBx6Bp5A","out_trade_no":"19","result_code":"SUCCESS","return_code":"SUCCESS","return_msg":"OK","sign":"E519469245C3F1E75C4B7389054885EBDD97CEC68ED4698012BF44983151DE61","time_end":"20180826205445","total_fee":"1","trade_state":"SUCCESS","trade_state_desc":"\u652f\u4ed8\u6210\u529f","trade_type":"MWEB","transaction_id":"4200000188201808266225068006"}
[2018-08-26 21:28:51][debug] call back， return xml:<xml><return_code><![CDATA[SUCCESS]]></return_code><return_msg><![CDATA[OK]]></return_msg></xml>
